2026-04-30 11:24:48 - CropRecommendation.preprocessing - INFO - [preprocessing.py:45] - CropDataProcessor initialized
2026-04-30 11:24:48 - CropRecommendation.preprocessing - INFO - [preprocessing.py:238] - Preprocessor loaded from models
2026-04-30 11:24:48 - CropRecommendation.preprocessing - INFO - [preprocessing.py:55] - Loading data from data/Soil_Nutrients.csv
2026-04-30 11:24:48 - CropRecommendation.preprocessing - INFO - [preprocessing.py:57] - Data shape: (15400, 19)
2026-04-30 11:24:48 - CropRecommendation.preprocessing - INFO - [preprocessing.py:58] - Columns: ['Name', 'Fertility', 'Photoperiod', 'Temperature', 'Rainfall', 'pH', 'Light_Hours', 'Light_Intensity', 'Rh', 'Nitrogen', 'Phosphorus', 'Potassium', 'Yield', 'Category_pH', 'Soil_Type', 'Season', 'N_Ratio', 'P_Ratio', 'K_Ratio']
2026-04-30 11:24:48 - CropRecommendation.preprocessing - INFO - [preprocessing.py:117] - Missing values before handling: 0
2026-04-30 11:24:48 - CropRecommendation.preprocessing - INFO - [preprocessing.py:137] - Missing values after handling: 0
2026-04-30 11:24:48 - CropRecommendation.preprocessing - INFO - [preprocessing.py:101] - Categorical features: ['Fertility', 'Photoperiod', 'Category_pH', 'Soil_Type', 'Season']
2026-04-30 11:24:48 - CropRecommendation.preprocessing - INFO - [preprocessing.py:102] - Numerical features: ['Temperature', 'Rainfall', 'pH', 'Light_Hours', 'Light_Intensity', 'Rh', 'Nitrogen', 'Phosphorus', 'Potassium', 'N_Ratio', 'P_Ratio', 'K_Ratio']
2026-04-30 11:24:48 - CropRecommendation.preprocessing - INFO - [preprocessing.py:101] - Categorical features: ['Fertility', 'Photoperiod', 'Category_pH', 'Soil_Type', 'Season']
2026-04-30 11:24:48 - CropRecommendation.preprocessing - INFO - [preprocessing.py:102] - Numerical features: ['Temperature', 'Rainfall', 'pH', 'Light_Hours', 'Light_Intensity', 'Rh', 'Nitrogen', 'Phosphorus', 'Potassium', 'N_Ratio', 'P_Ratio', 'K_Ratio']
2026-04-30 11:24:48 - CropRecommendation.preprocessing - INFO - [preprocessing.py:161] - Feature matrix shape: (15400, 17)
2026-04-30 11:24:48 - CropRecommendation.preprocessing - INFO - [preprocessing.py:162] - Crop target shape: (15400,)
2026-04-30 11:24:48 - CropRecommendation.preprocessing - INFO - [preprocessing.py:163] - Yield target shape: (15400,)
2026-04-30 11:24:48 - CropRecommendation.preprocessing - INFO - [preprocessing.py:164] - Unique crops: 22
2026-04-30 11:24:48 - CropRecommendation.preprocessing - INFO - [preprocessing.py:211] - Encoded and scaled feature matrix shape: (15400, 17)
2026-04-30 11:24:48 - CropRecommendation.recommender - INFO - [recommender.py:53] - IntelligentRecommender initialized with KNN model
2026-04-30 11:24:48 - CropRecommendation.predict - INFO - [predict.py:44] - CropPredictor initialized
2026-04-30 11:26:27 - CropRecommendation.predict - INFO - [predict.py:171] - Input is partial (14 missing features)
2026-04-30 11:26:27 - CropRecommendation.predict - INFO - [predict.py:106] - Making prediction from partial data: ['Temperature', 'Rainfall', 'pH']
2026-04-30 11:26:27 - CropRecommendation.recommender - INFO - [recommender.py:195] - Recommending crops for input: ['Temperature', 'Rainfall', 'pH']
2026-04-30 11:26:27 - CropRecommendation.preprocessing - INFO - [preprocessing.py:211] - Encoded and scaled feature matrix shape: (1, 17)
2026-04-30 11:26:27 - CropRecommendation.recommender - INFO - [recommender.py:226] - Top 3 recommendations: ['Cabbage', 'Broccoli', 'Cauliflowers']
2026-04-30 11:26:27 - CropRecommendation.recommender - INFO - [recommender.py:160] - Estimating optimal values for missing features...
2026-04-30 11:26:27 - CropRecommendation.recommender - INFO - [recommender.py:108] - Finding similar samples for input: {'Temperature': 23.0, 'Rainfall': 400.0, 'pH': 6.0}
2026-04-30 11:26:27 - CropRecommendation.preprocessing - INFO - [preprocessing.py:211] - Encoded and scaled feature matrix shape: (1, 17)
2026-04-30 11:26:27 - CropRecommendation.recommender - INFO - [recommender.py:145] - Found 3 similar high-yield samples
2026-04-30 11:26:27 - CropRecommendation.recommender - INFO - [recommender.py:178] - Estimated values for 14 missing features
2026-04-30 11:26:27 - CropRecommendation.recommender - INFO - [recommender.py:242] - Predicting yield for crop 'Cabbage'
2026-04-30 11:26:27 - CropRecommendation.recommender - INFO - [recommender.py:108] - Finding similar samples for input: {'Temperature': 23.0, 'Rainfall': 400.0, 'pH': 6.0}
2026-04-30 11:26:27 - CropRecommendation.preprocessing - INFO - [preprocessing.py:211] - Encoded and scaled feature matrix shape: (1, 17)
2026-04-30 11:26:27 - CropRecommendation.recommender - INFO - [recommender.py:145] - Found 28 similar high-yield samples
2026-04-30 11:26:27 - CropRecommendation.recommender - WARNING - [recommender.py:249] - No similar samples found for crop 'Cabbage', using training data median
2026-04-30 11:26:27 - CropRecommendation.recommender - INFO - [recommender.py:272] - Getting optimization recommendations for crop 'Cabbage'
2026-04-30 11:26:27 - CropRecommendation.recommender - INFO - [recommender.py:301] - Generated optimization recommendations for 17 features
2026-04-30 11:26:27 - CropRecommendation.predict - INFO - [predict.py:150] - Partial prediction complete. Top crop: Cabbage, Yield: 21.23
2026-04-30 11:26:27 - CropRecommendation.predict - INFO - [predict.py:151] - Estimated 14 missing features
2026-04-30 11:26:28 - CropRecommendation.predict - INFO - [predict.py:171] - Input is partial (14 missing features)
2026-04-30 11:26:28 - CropRecommendation.predict - INFO - [predict.py:106] - Making prediction from partial data: ['Temperature', 'Rainfall', 'pH']
2026-04-30 11:26:28 - CropRecommendation.recommender - INFO - [recommender.py:195] - Recommending crops for input: ['Temperature', 'Rainfall', 'pH']
2026-04-30 11:26:28 - CropRecommendation.preprocessing - INFO - [preprocessing.py:211] - Encoded and scaled feature matrix shape: (1, 17)
2026-04-30 11:26:28 - CropRecommendation.recommender - INFO - [recommender.py:226] - Top 3 recommendations: ['Cabbage', 'Broccoli', 'Cauliflowers']
2026-04-30 11:26:28 - CropRecommendation.recommender - INFO - [recommender.py:160] - Estimating optimal values for missing features...
2026-04-30 11:26:28 - CropRecommendation.recommender - INFO - [recommender.py:108] - Finding similar samples for input: {'Temperature': 23.0, 'Rainfall': 400.0, 'pH': 6.0}
2026-04-30 11:26:28 - CropRecommendation.preprocessing - INFO - [preprocessing.py:211] - Encoded and scaled feature matrix shape: (1, 17)
2026-04-30 11:26:28 - CropRecommendation.recommender - INFO - [recommender.py:145] - Found 3 similar high-yield samples
2026-04-30 11:26:28 - CropRecommendation.recommender - INFO - [recommender.py:178] - Estimated values for 14 missing features
2026-04-30 11:26:28 - CropRecommendation.recommender - INFO - [recommender.py:242] - Predicting yield for crop 'Cabbage'
2026-04-30 11:26:28 - CropRecommendation.recommender - INFO - [recommender.py:108] - Finding similar samples for input: {'Temperature': 23.0, 'Rainfall': 400.0, 'pH': 6.0}
2026-04-30 11:26:28 - CropRecommendation.preprocessing - INFO - [preprocessing.py:211] - Encoded and scaled feature matrix shape: (1, 17)
2026-04-30 11:26:28 - CropRecommendation.recommender - INFO - [recommender.py:145] - Found 28 similar high-yield samples
2026-04-30 11:26:28 - CropRecommendation.recommender - WARNING - [recommender.py:249] - No similar samples found for crop 'Cabbage', using training data median
2026-04-30 11:26:28 - CropRecommendation.recommender - INFO - [recommender.py:272] - Getting optimization recommendations for crop 'Cabbage'
2026-04-30 11:26:28 - CropRecommendation.recommender - INFO - [recommender.py:301] - Generated optimization recommendations for 17 features
2026-04-30 11:26:28 - CropRecommendation.predict - INFO - [predict.py:150] - Partial prediction complete. Top crop: Cabbage, Yield: 21.23
2026-04-30 11:26:28 - CropRecommendation.predict - INFO - [predict.py:151] - Estimated 14 missing features
2026-04-30 11:26:30 - CropRecommendation.predict - INFO - [predict.py:171] - Input is partial (14 missing features)
2026-04-30 11:26:30 - CropRecommendation.predict - INFO - [predict.py:106] - Making prediction from partial data: ['Temperature', 'Rainfall', 'pH']
2026-04-30 11:26:30 - CropRecommendation.recommender - INFO - [recommender.py:195] - Recommending crops for input: ['Temperature', 'Rainfall', 'pH']
2026-04-30 11:26:30 - CropRecommendation.preprocessing - INFO - [preprocessing.py:211] - Encoded and scaled feature matrix shape: (1, 17)
2026-04-30 11:26:30 - CropRecommendation.recommender - INFO - [recommender.py:226] - Top 3 recommendations: ['Cabbage', 'Broccoli', 'Cauliflowers']
2026-04-30 11:26:30 - CropRecommendation.recommender - INFO - [recommender.py:160] - Estimating optimal values for missing features...
2026-04-30 11:26:30 - CropRecommendation.recommender - INFO - [recommender.py:108] - Finding similar samples for input: {'Temperature': 23.0, 'Rainfall': 400.0, 'pH': 7.0}
2026-04-30 11:26:30 - CropRecommendation.preprocessing - INFO - [preprocessing.py:211] - Encoded and scaled feature matrix shape: (1, 17)
2026-04-30 11:26:30 - CropRecommendation.recommender - INFO - [recommender.py:145] - Found 0 similar high-yield samples
2026-04-30 11:26:30 - CropRecommendation.recommender - WARNING - [recommender.py:165] - No high-yield similar samples found, using general median values
2026-04-30 11:26:30 - CropRecommendation.recommender - INFO - [recommender.py:108] - Finding similar samples for input: {'Temperature': 23.0, 'Rainfall': 400.0, 'pH': 7.0}
2026-04-30 11:26:30 - CropRecommendation.preprocessing - INFO - [preprocessing.py:211] - Encoded and scaled feature matrix shape: (1, 17)
2026-04-30 11:26:30 - CropRecommendation.recommender - INFO - [recommender.py:145] - Found 10 similar high-yield samples
2026-04-30 11:26:30 - CropRecommendation.recommender - INFO - [recommender.py:178] - Estimated values for 14 missing features
2026-04-30 11:26:30 - CropRecommendation.recommender - INFO - [recommender.py:242] - Predicting yield for crop 'Cabbage'
2026-04-30 11:26:30 - CropRecommendation.recommender - INFO - [recommender.py:108] - Finding similar samples for input: {'Temperature': 23.0, 'Rainfall': 400.0, 'pH': 7.0}
2026-04-30 11:26:30 - CropRecommendation.preprocessing - INFO - [preprocessing.py:211] - Encoded and scaled feature matrix shape: (1, 17)
2026-04-30 11:26:30 - CropRecommendation.recommender - INFO - [recommender.py:145] - Found 3 similar high-yield samples
2026-04-30 11:26:30 - CropRecommendation.recommender - WARNING - [recommender.py:249] - No similar samples found for crop 'Cabbage', using training data median
2026-04-30 11:26:30 - CropRecommendation.recommender - INFO - [recommender.py:272] - Getting optimization recommendations for crop 'Cabbage'
2026-04-30 11:26:30 - CropRecommendation.recommender - INFO - [recommender.py:301] - Generated optimization recommendations for 17 features
2026-04-30 11:26:30 - CropRecommendation.predict - INFO - [predict.py:150] - Partial prediction complete. Top crop: Cabbage, Yield: 21.23
2026-04-30 11:26:30 - CropRecommendation.predict - INFO - [predict.py:151] - Estimated 14 missing features
2026-04-30 11:26:36 - CropRecommendation.predict - INFO - [predict.py:171] - Input is partial (14 missing features)
2026-04-30 11:26:36 - CropRecommendation.predict - INFO - [predict.py:106] - Making prediction from partial data: ['Temperature', 'Rainfall', 'pH']
2026-04-30 11:26:36 - CropRecommendation.recommender - INFO - [recommender.py:195] - Recommending crops for input: ['Temperature', 'Rainfall', 'pH']
2026-04-30 11:26:36 - CropRecommendation.preprocessing - INFO - [preprocessing.py:211] - Encoded and scaled feature matrix shape: (1, 17)
2026-04-30 11:26:36 - CropRecommendation.recommender - INFO - [recommender.py:226] - Top 3 recommendations: ['Cabbage', 'Broccoli', 'Cauliflowers']
2026-04-30 11:26:36 - CropRecommendation.recommender - INFO - [recommender.py:160] - Estimating optimal values for missing features...
2026-04-30 11:26:36 - CropRecommendation.recommender - INFO - [recommender.py:108] - Finding similar samples for input: {'Temperature': 23.0, 'Rainfall': 600.0, 'pH': 7.0}
2026-04-30 11:26:36 - CropRecommendation.preprocessing - INFO - [preprocessing.py:211] - Encoded and scaled feature matrix shape: (1, 17)
2026-04-30 11:26:36 - CropRecommendation.recommender - INFO - [recommender.py:145] - Found 0 similar high-yield samples
2026-04-30 11:26:36 - CropRecommendation.recommender - WARNING - [recommender.py:165] - No high-yield similar samples found, using general median values
2026-04-30 11:26:36 - CropRecommendation.recommender - INFO - [recommender.py:108] - Finding similar samples for input: {'Temperature': 23.0, 'Rainfall': 600.0, 'pH': 7.0}
2026-04-30 11:26:36 - CropRecommendation.preprocessing - INFO - [preprocessing.py:211] - Encoded and scaled feature matrix shape: (1, 17)
2026-04-30 11:26:36 - CropRecommendation.recommender - INFO - [recommender.py:145] - Found 10 similar high-yield samples
2026-04-30 11:26:36 - CropRecommendation.recommender - INFO - [recommender.py:178] - Estimated values for 14 missing features
2026-04-30 11:26:36 - CropRecommendation.recommender - INFO - [recommender.py:242] - Predicting yield for crop 'Cabbage'
2026-04-30 11:26:36 - CropRecommendation.recommender - INFO - [recommender.py:108] - Finding similar samples for input: {'Temperature': 23.0, 'Rainfall': 600.0, 'pH': 7.0}
2026-04-30 11:26:36 - CropRecommendation.preprocessing - INFO - [preprocessing.py:211] - Encoded and scaled feature matrix shape: (1, 17)
2026-04-30 11:26:36 - CropRecommendation.recommender - INFO - [recommender.py:145] - Found 3 similar high-yield samples
2026-04-30 11:26:36 - CropRecommendation.recommender - WARNING - [recommender.py:249] - No similar samples found for crop 'Cabbage', using training data median
2026-04-30 11:26:36 - CropRecommendation.recommender - INFO - [recommender.py:272] - Getting optimization recommendations for crop 'Cabbage'
2026-04-30 11:26:36 - CropRecommendation.recommender - INFO - [recommender.py:301] - Generated optimization recommendations for 17 features
2026-04-30 11:26:36 - CropRecommendation.predict - INFO - [predict.py:150] - Partial prediction complete. Top crop: Cabbage, Yield: 21.23
2026-04-30 11:26:36 - CropRecommendation.predict - INFO - [predict.py:151] - Estimated 14 missing features
2026-04-30 11:26:37 - CropRecommendation.predict - INFO - [predict.py:171] - Input is partial (14 missing features)
2026-04-30 11:26:37 - CropRecommendation.predict - INFO - [predict.py:106] - Making prediction from partial data: ['Temperature', 'Rainfall', 'pH']
2026-04-30 11:26:37 - CropRecommendation.recommender - INFO - [recommender.py:195] - Recommending crops for input: ['Temperature', 'Rainfall', 'pH']
2026-04-30 11:26:37 - CropRecommendation.preprocessing - INFO - [preprocessing.py:211] - Encoded and scaled feature matrix shape: (1, 17)
2026-04-30 11:26:37 - CropRecommendation.recommender - INFO - [recommender.py:226] - Top 3 recommendations: ['Cabbage', 'Broccoli', 'Cauliflowers']
2026-04-30 11:26:37 - CropRecommendation.recommender - INFO - [recommender.py:160] - Estimating optimal values for missing features...
2026-04-30 11:26:37 - CropRecommendation.recommender - INFO - [recommender.py:108] - Finding similar samples for input: {'Temperature': 23.0, 'Rainfall': 600.0, 'pH': 7.0}
2026-04-30 11:26:37 - CropRecommendation.preprocessing - INFO - [preprocessing.py:211] - Encoded and scaled feature matrix shape: (1, 17)
2026-04-30 11:26:37 - CropRecommendation.recommender - INFO - [recommender.py:145] - Found 0 similar high-yield samples
2026-04-30 11:26:37 - CropRecommendation.recommender - WARNING - [recommender.py:165] - No high-yield similar samples found, using general median values
2026-04-30 11:26:37 - CropRecommendation.recommender - INFO - [recommender.py:108] - Finding similar samples for input: {'Temperature': 23.0, 'Rainfall': 600.0, 'pH': 7.0}
2026-04-30 11:26:37 - CropRecommendation.preprocessing - INFO - [preprocessing.py:211] - Encoded and scaled feature matrix shape: (1, 17)
2026-04-30 11:26:37 - CropRecommendation.recommender - INFO - [recommender.py:145] - Found 10 similar high-yield samples
2026-04-30 11:26:37 - CropRecommendation.recommender - INFO - [recommender.py:178] - Estimated values for 14 missing features
2026-04-30 11:26:37 - CropRecommendation.recommender - INFO - [recommender.py:242] - Predicting yield for crop 'Cabbage'
2026-04-30 11:26:37 - CropRecommendation.recommender - INFO - [recommender.py:108] - Finding similar samples for input: {'Temperature': 23.0, 'Rainfall': 600.0, 'pH': 7.0}
2026-04-30 11:26:37 - CropRecommendation.preprocessing - INFO - [preprocessing.py:211] - Encoded and scaled feature matrix shape: (1, 17)
2026-04-30 11:26:37 - CropRecommendation.recommender - INFO - [recommender.py:145] - Found 3 similar high-yield samples
2026-04-30 11:26:37 - CropRecommendation.recommender - WARNING - [recommender.py:249] - No similar samples found for crop 'Cabbage', using training data median
2026-04-30 11:26:37 - CropRecommendation.recommender - INFO - [recommender.py:272] - Getting optimization recommendations for crop 'Cabbage'
2026-04-30 11:26:37 - CropRecommendation.recommender - INFO - [recommender.py:301] - Generated optimization recommendations for 17 features
2026-04-30 11:26:37 - CropRecommendation.predict - INFO - [predict.py:150] - Partial prediction complete. Top crop: Cabbage, Yield: 21.23
2026-04-30 11:26:37 - CropRecommendation.predict - INFO - [predict.py:151] - Estimated 14 missing features
2026-04-30 11:26:41 - CropRecommendation.predict - INFO - [predict.py:171] - Input is partial (14 missing features)
2026-04-30 11:26:41 - CropRecommendation.predict - INFO - [predict.py:106] - Making prediction from partial data: ['Temperature', 'Rainfall', 'pH']
2026-04-30 11:26:41 - CropRecommendation.recommender - INFO - [recommender.py:195] - Recommending crops for input: ['Temperature', 'Rainfall', 'pH']
2026-04-30 11:26:41 - CropRecommendation.preprocessing - INFO - [preprocessing.py:211] - Encoded and scaled feature matrix shape: (1, 17)
2026-04-30 11:26:41 - CropRecommendation.recommender - INFO - [recommender.py:226] - Top 3 recommendations: ['Cabbage', 'Broccoli', 'Cauliflowers']
2026-04-30 11:26:41 - CropRecommendation.recommender - INFO - [recommender.py:160] - Estimating optimal values for missing features...
2026-04-30 11:26:41 - CropRecommendation.recommender - INFO - [recommender.py:108] - Finding similar samples for input: {'Temperature': 35.0, 'Rainfall': 600.0, 'pH': 7.0}
2026-04-30 11:26:41 - CropRecommendation.preprocessing - INFO - [preprocessing.py:211] - Encoded and scaled feature matrix shape: (1, 17)
2026-04-30 11:26:41 - CropRecommendation.recommender - INFO - [recommender.py:145] - Found 3 similar high-yield samples
2026-04-30 11:26:41 - CropRecommendation.recommender - INFO - [recommender.py:178] - Estimated values for 14 missing features
2026-04-30 11:26:41 - CropRecommendation.recommender - INFO - [recommender.py:242] - Predicting yield for crop 'Cabbage'
2026-04-30 11:26:41 - CropRecommendation.recommender - INFO - [recommender.py:108] - Finding similar samples for input: {'Temperature': 35.0, 'Rainfall': 600.0, 'pH': 7.0}
2026-04-30 11:26:41 - CropRecommendation.preprocessing - INFO - [preprocessing.py:211] - Encoded and scaled feature matrix shape: (1, 17)
2026-04-30 11:26:41 - CropRecommendation.recommender - INFO - [recommender.py:145] - Found 38 similar high-yield samples
2026-04-30 11:26:41 - CropRecommendation.recommender - WARNING - [recommender.py:249] - No similar samples found for crop 'Cabbage', using training data median
2026-04-30 11:26:41 - CropRecommendation.recommender - INFO - [recommender.py:272] - Getting optimization recommendations for crop 'Cabbage'
2026-04-30 11:26:41 - CropRecommendation.recommender - INFO - [recommender.py:301] - Generated optimization recommendations for 17 features
2026-04-30 11:26:41 - CropRecommendation.predict - INFO - [predict.py:150] - Partial prediction complete. Top crop: Cabbage, Yield: 21.23
2026-04-30 11:26:41 - CropRecommendation.predict - INFO - [predict.py:151] - Estimated 14 missing features
2026-04-30 11:26:45 - CropRecommendation.predict - INFO - [predict.py:171] - Input is partial (14 missing features)
2026-04-30 11:26:45 - CropRecommendation.predict - INFO - [predict.py:106] - Making prediction from partial data: ['Temperature', 'Rainfall', 'pH']
2026-04-30 11:26:45 - CropRecommendation.recommender - INFO - [recommender.py:195] - Recommending crops for input: ['Temperature', 'Rainfall', 'pH']
2026-04-30 11:26:45 - CropRecommendation.preprocessing - INFO - [preprocessing.py:211] - Encoded and scaled feature matrix shape: (1, 17)
2026-04-30 11:26:45 - CropRecommendation.recommender - INFO - [recommender.py:226] - Top 3 recommendations: ['Cabbage', 'Broccoli', 'Cauliflowers']
2026-04-30 11:26:45 - CropRecommendation.recommender - INFO - [recommender.py:160] - Estimating optimal values for missing features...
2026-04-30 11:26:45 - CropRecommendation.recommender - INFO - [recommender.py:108] - Finding similar samples for input: {'Temperature': 27.0, 'Rainfall': 600.0, 'pH': 7.0}
2026-04-30 11:26:45 - CropRecommendation.preprocessing - INFO - [preprocessing.py:211] - Encoded and scaled feature matrix shape: (1, 17)
2026-04-30 11:26:45 - CropRecommendation.recommender - INFO - [recommender.py:145] - Found 2 similar high-yield samples
2026-04-30 11:26:45 - CropRecommendation.recommender - INFO - [recommender.py:178] - Estimated values for 14 missing features
2026-04-30 11:26:45 - CropRecommendation.recommender - INFO - [recommender.py:242] - Predicting yield for crop 'Cabbage'
2026-04-30 11:26:45 - CropRecommendation.recommender - INFO - [recommender.py:108] - Finding similar samples for input: {'Temperature': 27.0, 'Rainfall': 600.0, 'pH': 7.0}
2026-04-30 11:26:45 - CropRecommendation.preprocessing - INFO - [preprocessing.py:211] - Encoded and scaled feature matrix shape: (1, 17)
2026-04-30 11:26:45 - CropRecommendation.recommender - INFO - [recommender.py:145] - Found 4 similar high-yield samples
2026-04-30 11:26:45 - CropRecommendation.recommender - WARNING - [recommender.py:249] - No similar samples found for crop 'Cabbage', using training data median
2026-04-30 11:26:45 - CropRecommendation.recommender - INFO - [recommender.py:272] - Getting optimization recommendations for crop 'Cabbage'
2026-04-30 11:26:45 - CropRecommendation.recommender - INFO - [recommender.py:301] - Generated optimization recommendations for 17 features
2026-04-30 11:26:45 - CropRecommendation.predict - INFO - [predict.py:150] - Partial prediction complete. Top crop: Cabbage, Yield: 21.23
2026-04-30 11:26:45 - CropRecommendation.predict - INFO - [predict.py:151] - Estimated 14 missing features
2026-04-30 11:27:51 - CropRecommendation.predict - INFO - [predict.py:185] - Making yield prediction for crop 'Arugula'
2026-04-30 11:27:51 - CropRecommendation.recommender - INFO - [recommender.py:160] - Estimating optimal values for missing features...
2026-04-30 11:27:51 - CropRecommendation.recommender - INFO - [recommender.py:108] - Finding similar samples for input: {'Temperature': 12.0, 'Rainfall': 0.0, 'pH': 0.0, 'Light_Hours': 0.0, 'Light_Intensity': 0.0, 'Rh': 0.0, 'Nitrogen': 0.0, 'Phosphorus': 0.0, 'Potassium': 0.0, 'N_Ratio': 0.0, 'P_Ratio': 0.0, 'K_Ratio': 0.0, 'Fertility': 'Moderate', 'Photoperiod': 'Day Neutral', 'Category_pH': 'low_acidic', 'Soil_Type': 'Loam', 'Season': 'Summer'}
2026-04-30 11:27:51 - CropRecommendation.preprocessing - INFO - [preprocessing.py:211] - Encoded and scaled feature matrix shape: (1, 17)
2026-04-30 11:27:51 - CropRecommendation.recommender - INFO - [recommender.py:145] - Found 10 similar high-yield samples
2026-04-30 11:27:51 - CropRecommendation.recommender - INFO - [recommender.py:178] - Estimated values for 0 missing features
2026-04-30 11:27:51 - CropRecommendation.recommender - INFO - [recommender.py:242] - Predicting yield for crop 'Arugula'
2026-04-30 11:27:51 - CropRecommendation.recommender - INFO - [recommender.py:108] - Finding similar samples for input: {'Temperature': 12.0, 'Rainfall': 0.0, 'pH': 0.0, 'Light_Hours': 0.0, 'Light_Intensity': 0.0, 'Rh': 0.0, 'Nitrogen': 0.0, 'Phosphorus': 0.0, 'Potassium': 0.0, 'N_Ratio': 0.0, 'P_Ratio': 0.0, 'K_Ratio': 0.0, 'Fertility': 'Moderate', 'Photoperiod': 'Day Neutral', 'Category_pH': 'low_acidic', 'Soil_Type': 'Loam', 'Season': 'Summer'}
2026-04-30 11:27:51 - CropRecommendation.preprocessing - INFO - [preprocessing.py:211] - Encoded and scaled feature matrix shape: (1, 17)
2026-04-30 11:27:51 - CropRecommendation.recommender - INFO - [recommender.py:145] - Found 50 similar high-yield samples
2026-04-30 11:27:51 - CropRecommendation.recommender - WARNING - [recommender.py:249] - No similar samples found for crop 'Arugula', using training data median
2026-04-30 11:27:51 - CropRecommendation.recommender - INFO - [recommender.py:272] - Getting optimization recommendations for crop 'Arugula'
2026-04-30 11:27:51 - CropRecommendation.recommender - INFO - [recommender.py:301] - Generated optimization recommendations for 17 features
2026-04-30 11:29:16 - CropRecommendation.predict - INFO - [predict.py:168] - Input is complete
2026-04-30 11:29:16 - CropRecommendation.predict - INFO - [predict.py:56] - Making prediction from complete data
2026-04-30 11:29:16 - CropRecommendation.preprocessing - INFO - [preprocessing.py:211] - Encoded and scaled feature matrix shape: (1, 17)
2026-04-30 11:29:16 - CropRecommendation.recommender - INFO - [recommender.py:272] - Getting optimization recommendations for crop 'Green Peas'
2026-04-30 11:29:16 - CropRecommendation.recommender - INFO - [recommender.py:301] - Generated optimization recommendations for 17 features
2026-04-30 11:29:16 - CropRecommendation.predict - INFO - [predict.py:91] - Prediction complete. Top crop: Green Peas, Yield: 10.64
