2026-04-29 15:39:11 - CropRecommendation.preprocessing - INFO - [preprocessing.py:45] - CropDataProcessor initialized
2026-04-29 15:39:11 - CropRecommendation.preprocessing - INFO - [preprocessing.py:238] - Preprocessor loaded from /Users/muharremsimsek/Desktop/Capstone 2/models
2026-04-29 15:39:11 - CropRecommendation.preprocessing - INFO - [preprocessing.py:55] - Loading data from /Users/muharremsimsek/Desktop/Capstone 2/data/Soil_Nutrients.csv
2026-04-29 15:39:11 - CropRecommendation.preprocessing - INFO - [preprocessing.py:57] - Data shape: (15400, 19)
2026-04-29 15:39:11 - CropRecommendation.preprocessing - INFO - [preprocessing.py:58] - Columns: ['Name', 'Fertility', 'Photoperiod', 'Temperature', 'Rainfall', 'pH', 'Light_Hours', 'Light_Intensity', 'Rh', 'Nitrogen', 'Phosphorus', 'Potassium', 'Yield', 'Category_pH', 'Soil_Type', 'Season', 'N_Ratio', 'P_Ratio', 'K_Ratio']
2026-04-29 15:39:11 - CropRecommendation.preprocessing - INFO - [preprocessing.py:117] - Missing values before handling: 0
2026-04-29 15:39:11 - CropRecommendation.preprocessing - INFO - [preprocessing.py:137] - Missing values after handling: 0
2026-04-29 15:39:11 - CropRecommendation.preprocessing - INFO - [preprocessing.py:101] - Categorical features: ['Fertility', 'Photoperiod', 'Category_pH', 'Soil_Type', 'Season']
2026-04-29 15:39:11 - CropRecommendation.preprocessing - INFO - [preprocessing.py:102] - Numerical features: ['Temperature', 'Rainfall', 'pH', 'Light_Hours', 'Light_Intensity', 'Rh', 'Nitrogen', 'Phosphorus', 'Potassium', 'N_Ratio', 'P_Ratio', 'K_Ratio']
2026-04-29 15:39:11 - CropRecommendation.preprocessing - INFO - [preprocessing.py:101] - Categorical features: ['Fertility', 'Photoperiod', 'Category_pH', 'Soil_Type', 'Season']
2026-04-29 15:39:11 - CropRecommendation.preprocessing - INFO - [preprocessing.py:102] - Numerical features: ['Temperature', 'Rainfall', 'pH', 'Light_Hours', 'Light_Intensity', 'Rh', 'Nitrogen', 'Phosphorus', 'Potassium', 'N_Ratio', 'P_Ratio', 'K_Ratio']
2026-04-29 15:39:11 - CropRecommendation.preprocessing - INFO - [preprocessing.py:161] - Feature matrix shape: (15400, 17)
2026-04-29 15:39:11 - CropRecommendation.preprocessing - INFO - [preprocessing.py:162] - Crop target shape: (15400,)
2026-04-29 15:39:11 - CropRecommendation.preprocessing - INFO - [preprocessing.py:163] - Yield target shape: (15400,)
2026-04-29 15:39:11 - CropRecommendation.preprocessing - INFO - [preprocessing.py:164] - Unique crops: 22
2026-04-29 15:39:11 - CropRecommendation.preprocessing - INFO - [preprocessing.py:211] - Encoded and scaled feature matrix shape: (15400, 17)
2026-04-29 15:39:11 - CropRecommendation.recommender - INFO - [recommender.py:53] - IntelligentRecommender initialized with KNN model
2026-04-29 15:39:11 - CropRecommendation.predict - INFO - [predict.py:44] - CropPredictor initialized
2026-04-29 15:39:11 - CropRecommendation.predict - INFO - [predict.py:185] - Making yield prediction for crop 'Strawberry'
2026-04-29 15:39:11 - CropRecommendation.recommender - INFO - [recommender.py:160] - Estimating optimal values for missing features...
2026-04-29 15:39:11 - CropRecommendation.recommender - INFO - [recommender.py:108] - Finding similar samples for input: {'Temperature': 20, 'Rainfall': 750, 'pH': 6.5}
2026-04-29 15:39:11 - CropRecommendation.preprocessing - INFO - [preprocessing.py:211] - Encoded and scaled feature matrix shape: (1, 17)
2026-04-29 15:39:11 - CropRecommendation.recommender - INFO - [recommender.py:145] - Found 2 similar high-yield samples
2026-04-29 15:39:11 - CropRecommendation.recommender - INFO - [recommender.py:178] - Estimated values for 14 missing features
2026-04-29 15:39:11 - CropRecommendation.recommender - INFO - [recommender.py:249] - Predicting yield for crop 'Strawberry'
2026-04-29 15:39:11 - CropRecommendation.recommender - INFO - [recommender.py:108] - Finding similar samples for input: {'Temperature': 20, 'Rainfall': 750, 'pH': 6.5}
2026-04-29 15:39:11 - CropRecommendation.preprocessing - INFO - [preprocessing.py:211] - Encoded and scaled feature matrix shape: (1, 17)
2026-04-29 15:39:11 - CropRecommendation.recommender - INFO - [recommender.py:145] - Found 23 similar high-yield samples
2026-04-29 15:39:11 - CropRecommendation.recommender - WARNING - [recommender.py:256] - No similar samples found for crop 'Strawberry', using training data median
2026-04-29 15:39:11 - CropRecommendation.recommender - INFO - [recommender.py:279] - Getting optimization recommendations for crop 'Strawberry'
2026-04-29 15:39:11 - CropRecommendation.recommender - INFO - [recommender.py:308] - Generated optimization recommendations for 17 features
