2026-04-30 11:47:59 - CropRecommendation.preprocessing - INFO - [preprocessing.py:45] - CropDataProcessor initialized
2026-04-30 11:47:59 - CropRecommendation.preprocessing - INFO - [preprocessing.py:238] - Preprocessor loaded from /Users/alpsalcioglu/Desktop/capstoneProject/Capstone-2/models
2026-04-30 11:47:59 - CropRecommendation.preprocessing - INFO - [preprocessing.py:55] - Loading data from /Users/alpsalcioglu/Desktop/capstoneProject/Capstone-2/data/Soil_Nutrients.csv
2026-04-30 11:47:59 - CropRecommendation.preprocessing - INFO - [preprocessing.py:57] - Data shape: (15400, 19)
2026-04-30 11:47:59 - CropRecommendation.preprocessing - INFO - [preprocessing.py:58] - Columns: ['Name', 'Fertility', 'Photoperiod', 'Temperature', 'Rainfall', 'pH', 'Light_Hours', 'Light_Intensity', 'Rh', 'Nitrogen', 'Phosphorus', 'Potassium', 'Yield', 'Category_pH', 'Soil_Type', 'Season', 'N_Ratio', 'P_Ratio', 'K_Ratio']
2026-04-30 11:47:59 - CropRecommendation.preprocessing - INFO - [preprocessing.py:117] - Missing values before handling: 0
2026-04-30 11:47:59 - CropRecommendation.preprocessing - INFO - [preprocessing.py:137] - Missing values after handling: 0
2026-04-30 11:47:59 - CropRecommendation.preprocessing - INFO - [preprocessing.py:101] - Categorical features: ['Fertility', 'Photoperiod', 'Category_pH', 'Soil_Type', 'Season']
2026-04-30 11:47:59 - CropRecommendation.preprocessing - INFO - [preprocessing.py:102] - Numerical features: ['Temperature', 'Rainfall', 'pH', 'Light_Hours', 'Light_Intensity', 'Rh', 'Nitrogen', 'Phosphorus', 'Potassium', 'N_Ratio', 'P_Ratio', 'K_Ratio']
2026-04-30 11:47:59 - CropRecommendation.preprocessing - INFO - [preprocessing.py:101] - Categorical features: ['Fertility', 'Photoperiod', 'Category_pH', 'Soil_Type', 'Season']
2026-04-30 11:47:59 - CropRecommendation.preprocessing - INFO - [preprocessing.py:102] - Numerical features: ['Temperature', 'Rainfall', 'pH', 'Light_Hours', 'Light_Intensity', 'Rh', 'Nitrogen', 'Phosphorus', 'Potassium', 'N_Ratio', 'P_Ratio', 'K_Ratio']
2026-04-30 11:47:59 - CropRecommendation.preprocessing - INFO - [preprocessing.py:161] - Feature matrix shape: (15400, 17)
2026-04-30 11:47:59 - CropRecommendation.preprocessing - INFO - [preprocessing.py:162] - Crop target shape: (15400,)
2026-04-30 11:47:59 - CropRecommendation.preprocessing - INFO - [preprocessing.py:163] - Yield target shape: (15400,)
2026-04-30 11:47:59 - CropRecommendation.preprocessing - INFO - [preprocessing.py:164] - Unique crops: 22
2026-04-30 11:47:59 - CropRecommendation.preprocessing - INFO - [preprocessing.py:211] - Encoded and scaled feature matrix shape: (15400, 17)
2026-04-30 11:47:59 - CropRecommendation.recommender - INFO - [recommender.py:53] - IntelligentRecommender initialized with KNN model
2026-04-30 11:47:59 - CropRecommendation.predict - INFO - [predict.py:44] - CropPredictor initialized
2026-04-30 11:47:59 - CropRecommendation.api - INFO - [api.py:90] - Models loaded successfully
2026-04-30 11:52:54 - CropRecommendation.predict - INFO - [predict.py:185] - Making yield prediction for crop 'Arugula'
2026-04-30 11:52:54 - CropRecommendation.recommender - INFO - [recommender.py:160] - Estimating optimal values for missing features...
2026-04-30 11:52:54 - CropRecommendation.recommender - INFO - [recommender.py:108] - Finding similar samples for input: {'Fertility': 'High', 'Photoperiod': 'Day Neutral', 'Category_pH': 'low_acidic', 'Soil_Type': 'Loam', 'Season': 'Fall'}
2026-04-30 11:52:54 - CropRecommendation.preprocessing - INFO - [preprocessing.py:211] - Encoded and scaled feature matrix shape: (1, 17)
2026-04-30 11:52:54 - CropRecommendation.recommender - INFO - [recommender.py:145] - Found 1 similar high-yield samples
2026-04-30 11:52:54 - CropRecommendation.recommender - INFO - [recommender.py:178] - Estimated values for 12 missing features
2026-04-30 11:52:54 - CropRecommendation.recommender - INFO - [recommender.py:242] - Predicting yield for crop 'Arugula'
2026-04-30 11:52:54 - CropRecommendation.recommender - INFO - [recommender.py:108] - Finding similar samples for input: {'Fertility': 'High', 'Photoperiod': 'Day Neutral', 'Category_pH': 'low_acidic', 'Soil_Type': 'Loam', 'Season': 'Fall'}
2026-04-30 11:52:54 - CropRecommendation.preprocessing - INFO - [preprocessing.py:211] - Encoded and scaled feature matrix shape: (1, 17)
2026-04-30 11:52:54 - CropRecommendation.recommender - INFO - [recommender.py:145] - Found 31 similar high-yield samples
2026-04-30 11:52:54 - CropRecommendation.recommender - WARNING - [recommender.py:249] - No similar samples found for crop 'Arugula', using training data median
2026-04-30 11:52:54 - CropRecommendation.recommender - INFO - [recommender.py:272] - Getting optimization recommendations for crop 'Arugula'
2026-04-30 11:52:54 - CropRecommendation.recommender - INFO - [recommender.py:301] - Generated optimization recommendations for 17 features
2026-04-30 11:56:24 - CropRecommendation.predict - INFO - [predict.py:171] - Input is partial (9 missing features)
2026-04-30 11:56:24 - CropRecommendation.predict - INFO - [predict.py:106] - Making prediction from partial data: ['Temperature', 'Rainfall', 'Light_Hours', 'Fertility', 'Photoperiod', 'Category_pH', 'Soil_Type', 'Season']
2026-04-30 11:56:24 - CropRecommendation.recommender - INFO - [recommender.py:195] - Recommending crops for input: ['Temperature', 'Rainfall', 'Light_Hours', 'Fertility', 'Photoperiod', 'Category_pH', 'Soil_Type', 'Season']
2026-04-30 11:56:24 - CropRecommendation.preprocessing - INFO - [preprocessing.py:211] - Encoded and scaled feature matrix shape: (1, 17)
2026-04-30 11:56:24 - CropRecommendation.recommender - INFO - [recommender.py:226] - Top 3 recommendations: ['Kale', 'Cabbage', 'Broccoli']
2026-04-30 11:56:24 - CropRecommendation.recommender - INFO - [recommender.py:160] - Estimating optimal values for missing features...
2026-04-30 11:56:24 - CropRecommendation.recommender - INFO - [recommender.py:108] - Finding similar samples for input: {'Temperature': 23.0, 'Rainfall': 344.0, 'Light_Hours': 44.0, 'Fertility': 'High', 'Photoperiod': 'Day Neutral', 'Category_pH': 'low_acidic', 'Soil_Type': 'Loam', 'Season': 'Fall'}
2026-04-30 11:56:24 - CropRecommendation.preprocessing - INFO - [preprocessing.py:211] - Encoded and scaled feature matrix shape: (1, 17)
2026-04-30 11:56:24 - CropRecommendation.recommender - INFO - [recommender.py:145] - Found 3 similar high-yield samples
2026-04-30 11:56:24 - CropRecommendation.recommender - INFO - [recommender.py:178] - Estimated values for 9 missing features
2026-04-30 11:56:24 - CropRecommendation.recommender - INFO - [recommender.py:242] - Predicting yield for crop 'Kale'
2026-04-30 11:56:24 - CropRecommendation.recommender - INFO - [recommender.py:108] - Finding similar samples for input: {'Temperature': 23.0, 'Rainfall': 344.0, 'Light_Hours': 44.0, 'Fertility': 'High', 'Photoperiod': 'Day Neutral', 'Category_pH': 'low_acidic', 'Soil_Type': 'Loam', 'Season': 'Fall'}
2026-04-30 11:56:24 - CropRecommendation.preprocessing - INFO - [preprocessing.py:211] - Encoded and scaled feature matrix shape: (1, 17)
2026-04-30 11:56:24 - CropRecommendation.recommender - INFO - [recommender.py:145] - Found 10 similar high-yield samples
2026-04-30 11:56:24 - CropRecommendation.recommender - WARNING - [recommender.py:249] - No similar samples found for crop 'Kale', using training data median
2026-04-30 11:56:24 - CropRecommendation.recommender - INFO - [recommender.py:272] - Getting optimization recommendations for crop 'Kale'
2026-04-30 11:56:24 - CropRecommendation.recommender - INFO - [recommender.py:301] - Generated optimization recommendations for 17 features
2026-04-30 11:56:24 - CropRecommendation.predict - INFO - [predict.py:150] - Partial prediction complete. Top crop: Kale, Yield: 21.23
2026-04-30 11:56:24 - CropRecommendation.predict - INFO - [predict.py:151] - Estimated 9 missing features
2026-04-30 11:57:06 - CropRecommendation.predict - INFO - [predict.py:171] - Input is partial (14 missing features)
2026-04-30 11:57:06 - CropRecommendation.predict - INFO - [predict.py:106] - Making prediction from partial data: ['Temperature', 'Rainfall', 'pH']
2026-04-30 11:57:06 - CropRecommendation.recommender - INFO - [recommender.py:195] - Recommending crops for input: ['Temperature', 'Rainfall', 'pH']
2026-04-30 11:57:06 - CropRecommendation.preprocessing - INFO - [preprocessing.py:211] - Encoded and scaled feature matrix shape: (1, 17)
2026-04-30 11:57:06 - CropRecommendation.recommender - INFO - [recommender.py:226] - Top 3 recommendations: ['Cabbage', 'Broccoli', 'Kale']
2026-04-30 11:57:06 - CropRecommendation.recommender - INFO - [recommender.py:160] - Estimating optimal values for missing features...
2026-04-30 11:57:06 - CropRecommendation.recommender - INFO - [recommender.py:108] - Finding similar samples for input: {'Temperature': 23.0, 'Rainfall': 676.0, 'pH': 4.0}
2026-04-30 11:57:06 - CropRecommendation.preprocessing - INFO - [preprocessing.py:211] - Encoded and scaled feature matrix shape: (1, 17)
2026-04-30 11:57:06 - CropRecommendation.recommender - INFO - [recommender.py:145] - Found 10 similar high-yield samples
2026-04-30 11:57:06 - CropRecommendation.recommender - INFO - [recommender.py:178] - Estimated values for 14 missing features
2026-04-30 11:57:06 - CropRecommendation.recommender - INFO - [recommender.py:242] - Predicting yield for crop 'Cabbage'
2026-04-30 11:57:06 - CropRecommendation.recommender - INFO - [recommender.py:108] - Finding similar samples for input: {'Temperature': 23.0, 'Rainfall': 676.0, 'pH': 4.0}
2026-04-30 11:57:06 - CropRecommendation.preprocessing - INFO - [preprocessing.py:211] - Encoded and scaled feature matrix shape: (1, 17)
2026-04-30 11:57:06 - CropRecommendation.recommender - INFO - [recommender.py:145] - Found 50 similar high-yield samples
2026-04-30 11:57:06 - CropRecommendation.recommender - WARNING - [recommender.py:249] - No similar samples found for crop 'Cabbage', using training data median
2026-04-30 11:57:06 - CropRecommendation.recommender - INFO - [recommender.py:272] - Getting optimization recommendations for crop 'Cabbage'
2026-04-30 11:57:06 - CropRecommendation.recommender - INFO - [recommender.py:301] - Generated optimization recommendations for 17 features
2026-04-30 11:57:06 - CropRecommendation.predict - INFO - [predict.py:150] - Partial prediction complete. Top crop: Cabbage, Yield: 21.23
2026-04-30 11:57:06 - CropRecommendation.predict - INFO - [predict.py:151] - Estimated 14 missing features
2026-04-30 11:57:07 - CropRecommendation.predict - INFO - [predict.py:171] - Input is partial (14 missing features)
2026-04-30 11:57:07 - CropRecommendation.predict - INFO - [predict.py:106] - Making prediction from partial data: ['Temperature', 'Rainfall', 'pH']
2026-04-30 11:57:07 - CropRecommendation.recommender - INFO - [recommender.py:195] - Recommending crops for input: ['Temperature', 'Rainfall', 'pH']
2026-04-30 11:57:07 - CropRecommendation.preprocessing - INFO - [preprocessing.py:211] - Encoded and scaled feature matrix shape: (1, 17)
2026-04-30 11:57:07 - CropRecommendation.recommender - INFO - [recommender.py:226] - Top 3 recommendations: ['Cabbage', 'Broccoli', 'Kale']
2026-04-30 11:57:07 - CropRecommendation.recommender - INFO - [recommender.py:160] - Estimating optimal values for missing features...
2026-04-30 11:57:07 - CropRecommendation.recommender - INFO - [recommender.py:108] - Finding similar samples for input: {'Temperature': 23.0, 'Rainfall': 676.0, 'pH': 4.0}
2026-04-30 11:57:07 - CropRecommendation.preprocessing - INFO - [preprocessing.py:211] - Encoded and scaled feature matrix shape: (1, 17)
2026-04-30 11:57:07 - CropRecommendation.recommender - INFO - [recommender.py:145] - Found 10 similar high-yield samples
2026-04-30 11:57:07 - CropRecommendation.recommender - INFO - [recommender.py:178] - Estimated values for 14 missing features
2026-04-30 11:57:07 - CropRecommendation.recommender - INFO - [recommender.py:242] - Predicting yield for crop 'Cabbage'
2026-04-30 11:57:07 - CropRecommendation.recommender - INFO - [recommender.py:108] - Finding similar samples for input: {'Temperature': 23.0, 'Rainfall': 676.0, 'pH': 4.0}
2026-04-30 11:57:07 - CropRecommendation.preprocessing - INFO - [preprocessing.py:211] - Encoded and scaled feature matrix shape: (1, 17)
2026-04-30 11:57:07 - CropRecommendation.recommender - INFO - [recommender.py:145] - Found 50 similar high-yield samples
2026-04-30 11:57:07 - CropRecommendation.recommender - WARNING - [recommender.py:249] - No similar samples found for crop 'Cabbage', using training data median
2026-04-30 11:57:07 - CropRecommendation.recommender - INFO - [recommender.py:272] - Getting optimization recommendations for crop 'Cabbage'
2026-04-30 11:57:07 - CropRecommendation.recommender - INFO - [recommender.py:301] - Generated optimization recommendations for 17 features
2026-04-30 11:57:07 - CropRecommendation.predict - INFO - [predict.py:150] - Partial prediction complete. Top crop: Cabbage, Yield: 21.23
2026-04-30 11:57:07 - CropRecommendation.predict - INFO - [predict.py:151] - Estimated 14 missing features
2026-04-30 11:57:08 - CropRecommendation.predict - INFO - [predict.py:171] - Input is partial (14 missing features)
2026-04-30 11:57:08 - CropRecommendation.predict - INFO - [predict.py:106] - Making prediction from partial data: ['Temperature', 'Rainfall', 'pH']
2026-04-30 11:57:08 - CropRecommendation.recommender - INFO - [recommender.py:195] - Recommending crops for input: ['Temperature', 'Rainfall', 'pH']
2026-04-30 11:57:08 - CropRecommendation.preprocessing - INFO - [preprocessing.py:211] - Encoded and scaled feature matrix shape: (1, 17)
2026-04-30 11:57:08 - CropRecommendation.recommender - INFO - [recommender.py:226] - Top 3 recommendations: ['Cabbage', 'Broccoli', 'Kale']
2026-04-30 11:57:08 - CropRecommendation.recommender - INFO - [recommender.py:160] - Estimating optimal values for missing features...
2026-04-30 11:57:08 - CropRecommendation.recommender - INFO - [recommender.py:108] - Finding similar samples for input: {'Temperature': 23.0, 'Rainfall': 676.0, 'pH': 4.0}
2026-04-30 11:57:08 - CropRecommendation.preprocessing - INFO - [preprocessing.py:211] - Encoded and scaled feature matrix shape: (1, 17)
2026-04-30 11:57:08 - CropRecommendation.recommender - INFO - [recommender.py:145] - Found 10 similar high-yield samples
2026-04-30 11:57:08 - CropRecommendation.recommender - INFO - [recommender.py:178] - Estimated values for 14 missing features
2026-04-30 11:57:08 - CropRecommendation.recommender - INFO - [recommender.py:242] - Predicting yield for crop 'Cabbage'
2026-04-30 11:57:08 - CropRecommendation.recommender - INFO - [recommender.py:108] - Finding similar samples for input: {'Temperature': 23.0, 'Rainfall': 676.0, 'pH': 4.0}
2026-04-30 11:57:08 - CropRecommendation.preprocessing - INFO - [preprocessing.py:211] - Encoded and scaled feature matrix shape: (1, 17)
2026-04-30 11:57:08 - CropRecommendation.recommender - INFO - [recommender.py:145] - Found 50 similar high-yield samples
2026-04-30 11:57:08 - CropRecommendation.recommender - WARNING - [recommender.py:249] - No similar samples found for crop 'Cabbage', using training data median
2026-04-30 11:57:08 - CropRecommendation.recommender - INFO - [recommender.py:272] - Getting optimization recommendations for crop 'Cabbage'
2026-04-30 11:57:08 - CropRecommendation.recommender - INFO - [recommender.py:301] - Generated optimization recommendations for 17 features
2026-04-30 11:57:08 - CropRecommendation.predict - INFO - [predict.py:150] - Partial prediction complete. Top crop: Cabbage, Yield: 21.23
2026-04-30 11:57:08 - CropRecommendation.predict - INFO - [predict.py:151] - Estimated 14 missing features
2026-04-30 11:57:09 - CropRecommendation.predict - INFO - [predict.py:171] - Input is partial (14 missing features)
2026-04-30 11:57:09 - CropRecommendation.predict - INFO - [predict.py:106] - Making prediction from partial data: ['Temperature', 'Rainfall', 'pH']
2026-04-30 11:57:09 - CropRecommendation.recommender - INFO - [recommender.py:195] - Recommending crops for input: ['Temperature', 'Rainfall', 'pH']
2026-04-30 11:57:09 - CropRecommendation.preprocessing - INFO - [preprocessing.py:211] - Encoded and scaled feature matrix shape: (1, 17)
2026-04-30 11:57:09 - CropRecommendation.recommender - INFO - [recommender.py:226] - Top 3 recommendations: ['Cabbage', 'Broccoli', 'Kale']
2026-04-30 11:57:09 - CropRecommendation.recommender - INFO - [recommender.py:160] - Estimating optimal values for missing features...
2026-04-30 11:57:09 - CropRecommendation.recommender - INFO - [recommender.py:108] - Finding similar samples for input: {'Temperature': 23.0, 'Rainfall': 676.0, 'pH': 4.0}
2026-04-30 11:57:09 - CropRecommendation.preprocessing - INFO - [preprocessing.py:211] - Encoded and scaled feature matrix shape: (1, 17)
2026-04-30 11:57:09 - CropRecommendation.recommender - INFO - [recommender.py:145] - Found 10 similar high-yield samples
2026-04-30 11:57:09 - CropRecommendation.recommender - INFO - [recommender.py:178] - Estimated values for 14 missing features
2026-04-30 11:57:09 - CropRecommendation.recommender - INFO - [recommender.py:242] - Predicting yield for crop 'Cabbage'
2026-04-30 11:57:09 - CropRecommendation.recommender - INFO - [recommender.py:108] - Finding similar samples for input: {'Temperature': 23.0, 'Rainfall': 676.0, 'pH': 4.0}
2026-04-30 11:57:09 - CropRecommendation.preprocessing - INFO - [preprocessing.py:211] - Encoded and scaled feature matrix shape: (1, 17)
2026-04-30 11:57:09 - CropRecommendation.recommender - INFO - [recommender.py:145] - Found 50 similar high-yield samples
2026-04-30 11:57:09 - CropRecommendation.recommender - WARNING - [recommender.py:249] - No similar samples found for crop 'Cabbage', using training data median
2026-04-30 11:57:09 - CropRecommendation.recommender - INFO - [recommender.py:272] - Getting optimization recommendations for crop 'Cabbage'
2026-04-30 11:57:09 - CropRecommendation.recommender - INFO - [recommender.py:301] - Generated optimization recommendations for 17 features
2026-04-30 11:57:09 - CropRecommendation.predict - INFO - [predict.py:150] - Partial prediction complete. Top crop: Cabbage, Yield: 21.23
2026-04-30 11:57:09 - CropRecommendation.predict - INFO - [predict.py:151] - Estimated 14 missing features
2026-04-30 11:57:11 - CropRecommendation.predict - INFO - [predict.py:171] - Input is partial (14 missing features)
2026-04-30 11:57:11 - CropRecommendation.predict - INFO - [predict.py:106] - Making prediction from partial data: ['Temperature', 'Rainfall', 'pH']
2026-04-30 11:57:11 - CropRecommendation.recommender - INFO - [recommender.py:195] - Recommending crops for input: ['Temperature', 'Rainfall', 'pH']
2026-04-30 11:57:11 - CropRecommendation.preprocessing - INFO - [preprocessing.py:211] - Encoded and scaled feature matrix shape: (1, 17)
2026-04-30 11:57:11 - CropRecommendation.recommender - INFO - [recommender.py:226] - Top 3 recommendations: ['Cabbage', 'Broccoli', 'Kale']
2026-04-30 11:57:11 - CropRecommendation.recommender - INFO - [recommender.py:160] - Estimating optimal values for missing features...
2026-04-30 11:57:11 - CropRecommendation.recommender - INFO - [recommender.py:108] - Finding similar samples for input: {'Temperature': 23.0, 'Rainfall': 676.0, 'pH': 5.0}
2026-04-30 11:57:11 - CropRecommendation.preprocessing - INFO - [preprocessing.py:211] - Encoded and scaled feature matrix shape: (1, 17)
2026-04-30 11:57:11 - CropRecommendation.recommender - INFO - [recommender.py:145] - Found 10 similar high-yield samples
2026-04-30 11:57:11 - CropRecommendation.recommender - INFO - [recommender.py:178] - Estimated values for 14 missing features
2026-04-30 11:57:11 - CropRecommendation.recommender - INFO - [recommender.py:242] - Predicting yield for crop 'Cabbage'
2026-04-30 11:57:11 - CropRecommendation.recommender - INFO - [recommender.py:108] - Finding similar samples for input: {'Temperature': 23.0, 'Rainfall': 676.0, 'pH': 5.0}
2026-04-30 11:57:11 - CropRecommendation.preprocessing - INFO - [preprocessing.py:211] - Encoded and scaled feature matrix shape: (1, 17)
2026-04-30 11:57:11 - CropRecommendation.recommender - INFO - [recommender.py:145] - Found 50 similar high-yield samples
2026-04-30 11:57:11 - CropRecommendation.recommender - WARNING - [recommender.py:249] - No similar samples found for crop 'Cabbage', using training data median
2026-04-30 11:57:11 - CropRecommendation.recommender - INFO - [recommender.py:272] - Getting optimization recommendations for crop 'Cabbage'
2026-04-30 11:57:11 - CropRecommendation.recommender - INFO - [recommender.py:301] - Generated optimization recommendations for 17 features
2026-04-30 11:57:11 - CropRecommendation.predict - INFO - [predict.py:150] - Partial prediction complete. Top crop: Cabbage, Yield: 21.23
2026-04-30 11:57:11 - CropRecommendation.predict - INFO - [predict.py:151] - Estimated 14 missing features
2026-04-30 11:57:12 - CropRecommendation.predict - INFO - [predict.py:171] - Input is partial (14 missing features)
2026-04-30 11:57:12 - CropRecommendation.predict - INFO - [predict.py:106] - Making prediction from partial data: ['Temperature', 'Rainfall', 'pH']
2026-04-30 11:57:12 - CropRecommendation.recommender - INFO - [recommender.py:195] - Recommending crops for input: ['Temperature', 'Rainfall', 'pH']
2026-04-30 11:57:12 - CropRecommendation.preprocessing - INFO - [preprocessing.py:211] - Encoded and scaled feature matrix shape: (1, 17)
2026-04-30 11:57:12 - CropRecommendation.recommender - INFO - [recommender.py:226] - Top 3 recommendations: ['Cabbage', 'Broccoli', 'Kale']
2026-04-30 11:57:12 - CropRecommendation.recommender - INFO - [recommender.py:160] - Estimating optimal values for missing features...
2026-04-30 11:57:12 - CropRecommendation.recommender - INFO - [recommender.py:108] - Finding similar samples for input: {'Temperature': 23.0, 'Rainfall': 676.0, 'pH': 5.0}
2026-04-30 11:57:12 - CropRecommendation.preprocessing - INFO - [preprocessing.py:211] - Encoded and scaled feature matrix shape: (1, 17)
2026-04-30 11:57:12 - CropRecommendation.recommender - INFO - [recommender.py:145] - Found 10 similar high-yield samples
2026-04-30 11:57:12 - CropRecommendation.recommender - INFO - [recommender.py:178] - Estimated values for 14 missing features
2026-04-30 11:57:12 - CropRecommendation.recommender - INFO - [recommender.py:242] - Predicting yield for crop 'Cabbage'
2026-04-30 11:57:12 - CropRecommendation.recommender - INFO - [recommender.py:108] - Finding similar samples for input: {'Temperature': 23.0, 'Rainfall': 676.0, 'pH': 5.0}
2026-04-30 11:57:12 - CropRecommendation.preprocessing - INFO - [preprocessing.py:211] - Encoded and scaled feature matrix shape: (1, 17)
2026-04-30 11:57:12 - CropRecommendation.recommender - INFO - [recommender.py:145] - Found 50 similar high-yield samples
2026-04-30 11:57:12 - CropRecommendation.recommender - WARNING - [recommender.py:249] - No similar samples found for crop 'Cabbage', using training data median
2026-04-30 11:57:12 - CropRecommendation.recommender - INFO - [recommender.py:272] - Getting optimization recommendations for crop 'Cabbage'
2026-04-30 11:57:12 - CropRecommendation.recommender - INFO - [recommender.py:301] - Generated optimization recommendations for 17 features
2026-04-30 11:57:12 - CropRecommendation.predict - INFO - [predict.py:150] - Partial prediction complete. Top crop: Cabbage, Yield: 21.23
2026-04-30 11:57:12 - CropRecommendation.predict - INFO - [predict.py:151] - Estimated 14 missing features
2026-04-30 11:57:12 - CropRecommendation.predict - INFO - [predict.py:171] - Input is partial (14 missing features)
2026-04-30 11:57:12 - CropRecommendation.predict - INFO - [predict.py:106] - Making prediction from partial data: ['Temperature', 'Rainfall', 'pH']
2026-04-30 11:57:12 - CropRecommendation.recommender - INFO - [recommender.py:195] - Recommending crops for input: ['Temperature', 'Rainfall', 'pH']
2026-04-30 11:57:12 - CropRecommendation.preprocessing - INFO - [preprocessing.py:211] - Encoded and scaled feature matrix shape: (1, 17)
2026-04-30 11:57:12 - CropRecommendation.recommender - INFO - [recommender.py:226] - Top 3 recommendations: ['Cabbage', 'Broccoli', 'Kale']
2026-04-30 11:57:12 - CropRecommendation.recommender - INFO - [recommender.py:160] - Estimating optimal values for missing features...
2026-04-30 11:57:12 - CropRecommendation.recommender - INFO - [recommender.py:108] - Finding similar samples for input: {'Temperature': 23.0, 'Rainfall': 676.0, 'pH': 5.0}
2026-04-30 11:57:12 - CropRecommendation.preprocessing - INFO - [preprocessing.py:211] - Encoded and scaled feature matrix shape: (1, 17)
2026-04-30 11:57:12 - CropRecommendation.recommender - INFO - [recommender.py:145] - Found 10 similar high-yield samples
2026-04-30 11:57:12 - CropRecommendation.recommender - INFO - [recommender.py:178] - Estimated values for 14 missing features
2026-04-30 11:57:12 - CropRecommendation.recommender - INFO - [recommender.py:242] - Predicting yield for crop 'Cabbage'
2026-04-30 11:57:12 - CropRecommendation.recommender - INFO - [recommender.py:108] - Finding similar samples for input: {'Temperature': 23.0, 'Rainfall': 676.0, 'pH': 5.0}
2026-04-30 11:57:12 - CropRecommendation.preprocessing - INFO - [preprocessing.py:211] - Encoded and scaled feature matrix shape: (1, 17)
2026-04-30 11:57:12 - CropRecommendation.recommender - INFO - [recommender.py:145] - Found 50 similar high-yield samples
2026-04-30 11:57:12 - CropRecommendation.recommender - WARNING - [recommender.py:249] - No similar samples found for crop 'Cabbage', using training data median
2026-04-30 11:57:12 - CropRecommendation.recommender - INFO - [recommender.py:272] - Getting optimization recommendations for crop 'Cabbage'
2026-04-30 11:57:12 - CropRecommendation.recommender - INFO - [recommender.py:301] - Generated optimization recommendations for 17 features
2026-04-30 11:57:12 - CropRecommendation.predict - INFO - [predict.py:150] - Partial prediction complete. Top crop: Cabbage, Yield: 21.23
2026-04-30 11:57:12 - CropRecommendation.predict - INFO - [predict.py:151] - Estimated 14 missing features
2026-04-30 11:57:14 - CropRecommendation.predict - INFO - [predict.py:171] - Input is partial (14 missing features)
2026-04-30 11:57:14 - CropRecommendation.predict - INFO - [predict.py:106] - Making prediction from partial data: ['Temperature', 'Rainfall', 'pH']
2026-04-30 11:57:14 - CropRecommendation.recommender - INFO - [recommender.py:195] - Recommending crops for input: ['Temperature', 'Rainfall', 'pH']
2026-04-30 11:57:14 - CropRecommendation.preprocessing - INFO - [preprocessing.py:211] - Encoded and scaled feature matrix shape: (1, 17)
2026-04-30 11:57:14 - CropRecommendation.recommender - INFO - [recommender.py:226] - Top 3 recommendations: ['Cabbage', 'Broccoli', 'Cauliflowers']
2026-04-30 11:57:14 - CropRecommendation.recommender - INFO - [recommender.py:160] - Estimating optimal values for missing features...
2026-04-30 11:57:14 - CropRecommendation.recommender - INFO - [recommender.py:108] - Finding similar samples for input: {'Temperature': 23.0, 'Rainfall': 676.0, 'pH': 56.0}
2026-04-30 11:57:14 - CropRecommendation.preprocessing - INFO - [preprocessing.py:211] - Encoded and scaled feature matrix shape: (1, 17)
2026-04-30 11:57:14 - CropRecommendation.recommender - INFO - [recommender.py:145] - Found 0 similar high-yield samples
2026-04-30 11:57:14 - CropRecommendation.recommender - WARNING - [recommender.py:165] - No high-yield similar samples found, using general median values
2026-04-30 11:57:14 - CropRecommendation.recommender - INFO - [recommender.py:108] - Finding similar samples for input: {'Temperature': 23.0, 'Rainfall': 676.0, 'pH': 56.0}
2026-04-30 11:57:14 - CropRecommendation.preprocessing - INFO - [preprocessing.py:211] - Encoded and scaled feature matrix shape: (1, 17)
2026-04-30 11:57:14 - CropRecommendation.recommender - INFO - [recommender.py:145] - Found 10 similar high-yield samples
2026-04-30 11:57:14 - CropRecommendation.recommender - INFO - [recommender.py:178] - Estimated values for 14 missing features
2026-04-30 11:57:14 - CropRecommendation.recommender - INFO - [recommender.py:242] - Predicting yield for crop 'Cabbage'
2026-04-30 11:57:14 - CropRecommendation.recommender - INFO - [recommender.py:108] - Finding similar samples for input: {'Temperature': 23.0, 'Rainfall': 676.0, 'pH': 56.0}
2026-04-30 11:57:14 - CropRecommendation.preprocessing - INFO - [preprocessing.py:211] - Encoded and scaled feature matrix shape: (1, 17)
2026-04-30 11:57:14 - CropRecommendation.recommender - INFO - [recommender.py:145] - Found 0 similar high-yield samples
2026-04-30 11:57:14 - CropRecommendation.recommender - WARNING - [recommender.py:249] - No similar samples found for crop 'Cabbage', using training data median
2026-04-30 11:57:14 - CropRecommendation.recommender - INFO - [recommender.py:272] - Getting optimization recommendations for crop 'Cabbage'
2026-04-30 11:57:14 - CropRecommendation.recommender - INFO - [recommender.py:301] - Generated optimization recommendations for 17 features
2026-04-30 11:57:14 - CropRecommendation.predict - INFO - [predict.py:150] - Partial prediction complete. Top crop: Cabbage, Yield: 21.23
2026-04-30 11:57:14 - CropRecommendation.predict - INFO - [predict.py:151] - Estimated 14 missing features
2026-04-30 11:57:18 - CropRecommendation.predict - INFO - [predict.py:171] - Input is partial (14 missing features)
2026-04-30 11:57:18 - CropRecommendation.predict - INFO - [predict.py:106] - Making prediction from partial data: ['Temperature', 'Rainfall', 'pH']
2026-04-30 11:57:18 - CropRecommendation.recommender - INFO - [recommender.py:195] - Recommending crops for input: ['Temperature', 'Rainfall', 'pH']
2026-04-30 11:57:18 - CropRecommendation.preprocessing - INFO - [preprocessing.py:211] - Encoded and scaled feature matrix shape: (1, 17)
2026-04-30 11:57:18 - CropRecommendation.recommender - INFO - [recommender.py:226] - Top 3 recommendations: ['Cabbage', 'Broccoli', 'Cauliflowers']
2026-04-30 11:57:18 - CropRecommendation.recommender - INFO - [recommender.py:160] - Estimating optimal values for missing features...
2026-04-30 11:57:18 - CropRecommendation.recommender - INFO - [recommender.py:108] - Finding similar samples for input: {'Temperature': 23.0, 'Rainfall': 676.0, 'pH': 6.0}
2026-04-30 11:57:18 - CropRecommendation.preprocessing - INFO - [preprocessing.py:211] - Encoded and scaled feature matrix shape: (1, 17)
2026-04-30 11:57:18 - CropRecommendation.recommender - INFO - [recommender.py:145] - Found 6 similar high-yield samples
2026-04-30 11:57:18 - CropRecommendation.recommender - INFO - [recommender.py:178] - Estimated values for 14 missing features
2026-04-30 11:57:18 - CropRecommendation.recommender - INFO - [recommender.py:242] - Predicting yield for crop 'Cabbage'
2026-04-30 11:57:18 - CropRecommendation.recommender - INFO - [recommender.py:108] - Finding similar samples for input: {'Temperature': 23.0, 'Rainfall': 676.0, 'pH': 6.0}
2026-04-30 11:57:18 - CropRecommendation.preprocessing - INFO - [preprocessing.py:211] - Encoded and scaled feature matrix shape: (1, 17)
2026-04-30 11:57:18 - CropRecommendation.recommender - INFO - [recommender.py:145] - Found 31 similar high-yield samples
2026-04-30 11:57:18 - CropRecommendation.recommender - WARNING - [recommender.py:249] - No similar samples found for crop 'Cabbage', using training data median
2026-04-30 11:57:18 - CropRecommendation.recommender - INFO - [recommender.py:272] - Getting optimization recommendations for crop 'Cabbage'
2026-04-30 11:57:18 - CropRecommendation.recommender - INFO - [recommender.py:301] - Generated optimization recommendations for 17 features
2026-04-30 11:57:18 - CropRecommendation.predict - INFO - [predict.py:150] - Partial prediction complete. Top crop: Cabbage, Yield: 21.23
2026-04-30 11:57:18 - CropRecommendation.predict - INFO - [predict.py:151] - Estimated 14 missing features
2026-04-30 11:57:20 - CropRecommendation.predict - INFO - [predict.py:171] - Input is partial (14 missing features)
2026-04-30 11:57:20 - CropRecommendation.predict - INFO - [predict.py:106] - Making prediction from partial data: ['Temperature', 'Rainfall', 'pH']
2026-04-30 11:57:20 - CropRecommendation.recommender - INFO - [recommender.py:195] - Recommending crops for input: ['Temperature', 'Rainfall', 'pH']
2026-04-30 11:57:20 - CropRecommendation.preprocessing - INFO - [preprocessing.py:211] - Encoded and scaled feature matrix shape: (1, 17)
2026-04-30 11:57:20 - CropRecommendation.recommender - INFO - [recommender.py:226] - Top 3 recommendations: ['Cabbage', 'Broccoli', 'Cauliflowers']
2026-04-30 11:57:20 - CropRecommendation.recommender - INFO - [recommender.py:160] - Estimating optimal values for missing features...
2026-04-30 11:57:20 - CropRecommendation.recommender - INFO - [recommender.py:108] - Finding similar samples for input: {'Temperature': 23.0, 'Rainfall': 676.0, 'pH': 6.0}
2026-04-30 11:57:20 - CropRecommendation.preprocessing - INFO - [preprocessing.py:211] - Encoded and scaled feature matrix shape: (1, 17)
2026-04-30 11:57:20 - CropRecommendation.recommender - INFO - [recommender.py:145] - Found 6 similar high-yield samples
2026-04-30 11:57:20 - CropRecommendation.recommender - INFO - [recommender.py:178] - Estimated values for 14 missing features
2026-04-30 11:57:20 - CropRecommendation.recommender - INFO - [recommender.py:242] - Predicting yield for crop 'Cabbage'
2026-04-30 11:57:20 - CropRecommendation.recommender - INFO - [recommender.py:108] - Finding similar samples for input: {'Temperature': 23.0, 'Rainfall': 676.0, 'pH': 6.0}
2026-04-30 11:57:20 - CropRecommendation.preprocessing - INFO - [preprocessing.py:211] - Encoded and scaled feature matrix shape: (1, 17)
2026-04-30 11:57:20 - CropRecommendation.recommender - INFO - [recommender.py:145] - Found 31 similar high-yield samples
2026-04-30 11:57:20 - CropRecommendation.recommender - WARNING - [recommender.py:249] - No similar samples found for crop 'Cabbage', using training data median
2026-04-30 11:57:20 - CropRecommendation.recommender - INFO - [recommender.py:272] - Getting optimization recommendations for crop 'Cabbage'
2026-04-30 11:57:20 - CropRecommendation.recommender - INFO - [recommender.py:301] - Generated optimization recommendations for 17 features
2026-04-30 11:57:20 - CropRecommendation.predict - INFO - [predict.py:150] - Partial prediction complete. Top crop: Cabbage, Yield: 21.23
2026-04-30 11:57:20 - CropRecommendation.predict - INFO - [predict.py:151] - Estimated 14 missing features
2026-04-30 12:09:47 - CropRecommendation.predict - INFO - [predict.py:185] - Making yield prediction for crop 'Arugula'
2026-04-30 12:09:47 - CropRecommendation.recommender - INFO - [recommender.py:160] - Estimating optimal values for missing features...
2026-04-30 12:09:47 - CropRecommendation.recommender - INFO - [recommender.py:108] - Finding similar samples for input: {'Fertility': 'High', 'Photoperiod': 'Day Neutral', 'Category_pH': 'low_acidic', 'Soil_Type': 'Loam', 'Season': 'Fall'}
2026-04-30 12:09:47 - CropRecommendation.preprocessing - INFO - [preprocessing.py:211] - Encoded and scaled feature matrix shape: (1, 17)
2026-04-30 12:09:47 - CropRecommendation.recommender - INFO - [recommender.py:145] - Found 1 similar high-yield samples
2026-04-30 12:09:47 - CropRecommendation.recommender - INFO - [recommender.py:178] - Estimated values for 12 missing features
2026-04-30 12:09:47 - CropRecommendation.recommender - INFO - [recommender.py:242] - Predicting yield for crop 'Arugula'
2026-04-30 12:09:47 - CropRecommendation.recommender - INFO - [recommender.py:108] - Finding similar samples for input: {'Fertility': 'High', 'Photoperiod': 'Day Neutral', 'Category_pH': 'low_acidic', 'Soil_Type': 'Loam', 'Season': 'Fall'}
2026-04-30 12:09:47 - CropRecommendation.preprocessing - INFO - [preprocessing.py:211] - Encoded and scaled feature matrix shape: (1, 17)
2026-04-30 12:09:47 - CropRecommendation.recommender - INFO - [recommender.py:145] - Found 31 similar high-yield samples
2026-04-30 12:09:47 - CropRecommendation.recommender - WARNING - [recommender.py:249] - No similar samples found for crop 'Arugula', using training data median
2026-04-30 12:09:47 - CropRecommendation.recommender - INFO - [recommender.py:272] - Getting optimization recommendations for crop 'Arugula'
2026-04-30 12:09:47 - CropRecommendation.recommender - INFO - [recommender.py:301] - Generated optimization recommendations for 17 features
2026-04-30 12:10:35 - CropRecommendation.predict - INFO - [predict.py:171] - Input is partial (12 missing features)
2026-04-30 12:10:35 - CropRecommendation.predict - INFO - [predict.py:106] - Making prediction from partial data: ['Fertility', 'Photoperiod', 'Category_pH', 'Soil_Type', 'Season']
2026-04-30 12:10:35 - CropRecommendation.recommender - INFO - [recommender.py:195] - Recommending crops for input: ['Fertility', 'Photoperiod', 'Category_pH', 'Soil_Type', 'Season']
2026-04-30 12:10:35 - CropRecommendation.preprocessing - INFO - [preprocessing.py:211] - Encoded and scaled feature matrix shape: (1, 17)
2026-04-30 12:10:35 - CropRecommendation.recommender - INFO - [recommender.py:226] - Top 3 recommendations: ['Broccoli', 'Kale', 'Cabbage']
2026-04-30 12:10:35 - CropRecommendation.recommender - INFO - [recommender.py:160] - Estimating optimal values for missing features...
2026-04-30 12:10:35 - CropRecommendation.recommender - INFO - [recommender.py:108] - Finding similar samples for input: {'Fertility': 'High', 'Photoperiod': 'Day Neutral', 'Category_pH': 'low_acidic', 'Soil_Type': 'Loam', 'Season': 'Fall'}
2026-04-30 12:10:35 - CropRecommendation.preprocessing - INFO - [preprocessing.py:211] - Encoded and scaled feature matrix shape: (1, 17)
2026-04-30 12:10:35 - CropRecommendation.recommender - INFO - [recommender.py:145] - Found 1 similar high-yield samples
2026-04-30 12:10:35 - CropRecommendation.recommender - INFO - [recommender.py:178] - Estimated values for 12 missing features
2026-04-30 12:10:35 - CropRecommendation.recommender - INFO - [recommender.py:242] - Predicting yield for crop 'Broccoli'
2026-04-30 12:10:35 - CropRecommendation.recommender - INFO - [recommender.py:108] - Finding similar samples for input: {'Fertility': 'High', 'Photoperiod': 'Day Neutral', 'Category_pH': 'low_acidic', 'Soil_Type': 'Loam', 'Season': 'Fall'}
2026-04-30 12:10:35 - CropRecommendation.preprocessing - INFO - [preprocessing.py:211] - Encoded and scaled feature matrix shape: (1, 17)
2026-04-30 12:10:35 - CropRecommendation.recommender - INFO - [recommender.py:145] - Found 31 similar high-yield samples
2026-04-30 12:10:35 - CropRecommendation.recommender - INFO - [recommender.py:256] - Predicted yield: 23.54
2026-04-30 12:10:35 - CropRecommendation.recommender - INFO - [recommender.py:272] - Getting optimization recommendations for crop 'Broccoli'
2026-04-30 12:10:35 - CropRecommendation.recommender - INFO - [recommender.py:301] - Generated optimization recommendations for 17 features
2026-04-30 12:10:35 - CropRecommendation.predict - INFO - [predict.py:150] - Partial prediction complete. Top crop: Broccoli, Yield: 23.54
2026-04-30 12:10:35 - CropRecommendation.predict - INFO - [predict.py:151] - Estimated 12 missing features
2026-04-30 12:11:31 - CropRecommendation.predict - INFO - [predict.py:171] - Input is partial (12 missing features)
2026-04-30 12:11:31 - CropRecommendation.predict - INFO - [predict.py:106] - Making prediction from partial data: ['Fertility', 'Photoperiod', 'Category_pH', 'Soil_Type', 'Season']
2026-04-30 12:11:31 - CropRecommendation.recommender - INFO - [recommender.py:195] - Recommending crops for input: ['Fertility', 'Photoperiod', 'Category_pH', 'Soil_Type', 'Season']
2026-04-30 12:11:31 - CropRecommendation.preprocessing - INFO - [preprocessing.py:211] - Encoded and scaled feature matrix shape: (1, 17)
2026-04-30 12:11:31 - CropRecommendation.recommender - INFO - [recommender.py:226] - Top 3 recommendations: ['Broccoli', 'Kale', 'Cabbage']
2026-04-30 12:11:31 - CropRecommendation.recommender - INFO - [recommender.py:160] - Estimating optimal values for missing features...
2026-04-30 12:11:31 - CropRecommendation.recommender - INFO - [recommender.py:108] - Finding similar samples for input: {'Fertility': 'High', 'Photoperiod': 'Day Neutral', 'Category_pH': 'low_acidic', 'Soil_Type': 'Loam', 'Season': 'Fall'}
2026-04-30 12:11:31 - CropRecommendation.preprocessing - INFO - [preprocessing.py:211] - Encoded and scaled feature matrix shape: (1, 17)
2026-04-30 12:11:31 - CropRecommendation.recommender - INFO - [recommender.py:145] - Found 1 similar high-yield samples
2026-04-30 12:11:31 - CropRecommendation.recommender - INFO - [recommender.py:178] - Estimated values for 12 missing features
2026-04-30 12:11:31 - CropRecommendation.recommender - INFO - [recommender.py:242] - Predicting yield for crop 'Broccoli'
2026-04-30 12:11:31 - CropRecommendation.recommender - INFO - [recommender.py:108] - Finding similar samples for input: {'Fertility': 'High', 'Photoperiod': 'Day Neutral', 'Category_pH': 'low_acidic', 'Soil_Type': 'Loam', 'Season': 'Fall'}
2026-04-30 12:11:31 - CropRecommendation.preprocessing - INFO - [preprocessing.py:211] - Encoded and scaled feature matrix shape: (1, 17)
2026-04-30 12:11:31 - CropRecommendation.recommender - INFO - [recommender.py:145] - Found 31 similar high-yield samples
2026-04-30 12:11:31 - CropRecommendation.recommender - INFO - [recommender.py:256] - Predicted yield: 23.54
2026-04-30 12:11:31 - CropRecommendation.recommender - INFO - [recommender.py:272] - Getting optimization recommendations for crop 'Broccoli'
2026-04-30 12:11:31 - CropRecommendation.recommender - INFO - [recommender.py:301] - Generated optimization recommendations for 17 features
2026-04-30 12:11:31 - CropRecommendation.predict - INFO - [predict.py:150] - Partial prediction complete. Top crop: Broccoli, Yield: 23.54
2026-04-30 12:11:31 - CropRecommendation.predict - INFO - [predict.py:151] - Estimated 12 missing features
2026-04-30 12:13:01 - CropRecommendation.predict - INFO - [predict.py:171] - Input is partial (12 missing features)
2026-04-30 12:13:01 - CropRecommendation.predict - INFO - [predict.py:106] - Making prediction from partial data: ['Fertility', 'Photoperiod', 'Category_pH', 'Soil_Type', 'Season']
2026-04-30 12:13:01 - CropRecommendation.recommender - INFO - [recommender.py:195] - Recommending crops for input: ['Fertility', 'Photoperiod', 'Category_pH', 'Soil_Type', 'Season']
2026-04-30 12:13:01 - CropRecommendation.preprocessing - INFO - [preprocessing.py:211] - Encoded and scaled feature matrix shape: (1, 17)
2026-04-30 12:13:01 - CropRecommendation.recommender - INFO - [recommender.py:226] - Top 3 recommendations: ['Broccoli', 'Kale', 'Cabbage']
2026-04-30 12:13:01 - CropRecommendation.recommender - INFO - [recommender.py:160] - Estimating optimal values for missing features...
2026-04-30 12:13:01 - CropRecommendation.recommender - INFO - [recommender.py:108] - Finding similar samples for input: {'Fertility': 'High', 'Photoperiod': 'Day Neutral', 'Category_pH': 'low_acidic', 'Soil_Type': 'Loam', 'Season': 'Fall'}
2026-04-30 12:13:01 - CropRecommendation.preprocessing - INFO - [preprocessing.py:211] - Encoded and scaled feature matrix shape: (1, 17)
2026-04-30 12:13:01 - CropRecommendation.recommender - INFO - [recommender.py:145] - Found 1 similar high-yield samples
2026-04-30 12:13:01 - CropRecommendation.recommender - INFO - [recommender.py:178] - Estimated values for 12 missing features
2026-04-30 12:13:01 - CropRecommendation.recommender - INFO - [recommender.py:242] - Predicting yield for crop 'Broccoli'
2026-04-30 12:13:01 - CropRecommendation.recommender - INFO - [recommender.py:108] - Finding similar samples for input: {'Fertility': 'High', 'Photoperiod': 'Day Neutral', 'Category_pH': 'low_acidic', 'Soil_Type': 'Loam', 'Season': 'Fall'}
2026-04-30 12:13:01 - CropRecommendation.preprocessing - INFO - [preprocessing.py:211] - Encoded and scaled feature matrix shape: (1, 17)
2026-04-30 12:13:01 - CropRecommendation.recommender - INFO - [recommender.py:145] - Found 31 similar high-yield samples
2026-04-30 12:13:01 - CropRecommendation.recommender - INFO - [recommender.py:256] - Predicted yield: 23.54
2026-04-30 12:13:01 - CropRecommendation.recommender - INFO - [recommender.py:272] - Getting optimization recommendations for crop 'Broccoli'
2026-04-30 12:13:01 - CropRecommendation.recommender - INFO - [recommender.py:301] - Generated optimization recommendations for 17 features
2026-04-30 12:13:01 - CropRecommendation.predict - INFO - [predict.py:150] - Partial prediction complete. Top crop: Broccoli, Yield: 23.54
2026-04-30 12:13:01 - CropRecommendation.predict - INFO - [predict.py:151] - Estimated 12 missing features
2026-04-30 12:55:49 - CropRecommendation.predict - INFO - [predict.py:171] - Input is partial (12 missing features)
2026-04-30 12:55:49 - CropRecommendation.predict - INFO - [predict.py:106] - Making prediction from partial data: ['Fertility', 'Photoperiod', 'Category_pH', 'Soil_Type', 'Season']
2026-04-30 12:55:49 - CropRecommendation.recommender - INFO - [recommender.py:195] - Recommending crops for input: ['Fertility', 'Photoperiod', 'Category_pH', 'Soil_Type', 'Season']
2026-04-30 12:55:49 - CropRecommendation.preprocessing - INFO - [preprocessing.py:211] - Encoded and scaled feature matrix shape: (1, 17)
2026-04-30 12:55:49 - CropRecommendation.recommender - INFO - [recommender.py:226] - Top 3 recommendations: ['Broccoli', 'Kale', 'Cabbage']
2026-04-30 12:55:49 - CropRecommendation.recommender - INFO - [recommender.py:160] - Estimating optimal values for missing features...
2026-04-30 12:55:49 - CropRecommendation.recommender - INFO - [recommender.py:108] - Finding similar samples for input: {'Fertility': 'High', 'Photoperiod': 'Day Neutral', 'Category_pH': 'low_acidic', 'Soil_Type': 'Loam', 'Season': 'Fall'}
2026-04-30 12:55:49 - CropRecommendation.preprocessing - INFO - [preprocessing.py:211] - Encoded and scaled feature matrix shape: (1, 17)
2026-04-30 12:55:49 - CropRecommendation.recommender - INFO - [recommender.py:145] - Found 1 similar high-yield samples
2026-04-30 12:55:49 - CropRecommendation.recommender - INFO - [recommender.py:178] - Estimated values for 12 missing features
2026-04-30 12:55:49 - CropRecommendation.recommender - INFO - [recommender.py:242] - Predicting yield for crop 'Broccoli'
2026-04-30 12:55:49 - CropRecommendation.recommender - INFO - [recommender.py:108] - Finding similar samples for input: {'Fertility': 'High', 'Photoperiod': 'Day Neutral', 'Category_pH': 'low_acidic', 'Soil_Type': 'Loam', 'Season': 'Fall'}
2026-04-30 12:55:49 - CropRecommendation.preprocessing - INFO - [preprocessing.py:211] - Encoded and scaled feature matrix shape: (1, 17)
2026-04-30 12:55:49 - CropRecommendation.recommender - INFO - [recommender.py:145] - Found 31 similar high-yield samples
2026-04-30 12:55:49 - CropRecommendation.recommender - INFO - [recommender.py:256] - Predicted yield: 23.54
2026-04-30 12:55:49 - CropRecommendation.recommender - INFO - [recommender.py:272] - Getting optimization recommendations for crop 'Broccoli'
2026-04-30 12:55:49 - CropRecommendation.recommender - INFO - [recommender.py:301] - Generated optimization recommendations for 17 features
2026-04-30 12:55:49 - CropRecommendation.predict - INFO - [predict.py:150] - Partial prediction complete. Top crop: Broccoli, Yield: 23.54
2026-04-30 12:55:49 - CropRecommendation.predict - INFO - [predict.py:151] - Estimated 12 missing features
2026-04-30 12:56:03 - CropRecommendation.predict - INFO - [predict.py:185] - Making yield prediction for crop 'Beet'
2026-04-30 12:56:03 - CropRecommendation.recommender - INFO - [recommender.py:160] - Estimating optimal values for missing features...
2026-04-30 12:56:03 - CropRecommendation.recommender - INFO - [recommender.py:108] - Finding similar samples for input: {'Fertility': 'High', 'Photoperiod': 'Day Neutral', 'Category_pH': 'low_acidic', 'Soil_Type': 'Loam', 'Season': 'Fall'}
2026-04-30 12:56:03 - CropRecommendation.preprocessing - INFO - [preprocessing.py:211] - Encoded and scaled feature matrix shape: (1, 17)
2026-04-30 12:56:03 - CropRecommendation.recommender - INFO - [recommender.py:145] - Found 1 similar high-yield samples
2026-04-30 12:56:03 - CropRecommendation.recommender - INFO - [recommender.py:178] - Estimated values for 12 missing features
2026-04-30 12:56:03 - CropRecommendation.recommender - INFO - [recommender.py:242] - Predicting yield for crop 'Beet'
2026-04-30 12:56:03 - CropRecommendation.recommender - INFO - [recommender.py:108] - Finding similar samples for input: {'Fertility': 'High', 'Photoperiod': 'Day Neutral', 'Category_pH': 'low_acidic', 'Soil_Type': 'Loam', 'Season': 'Fall'}
2026-04-30 12:56:03 - CropRecommendation.preprocessing - INFO - [preprocessing.py:211] - Encoded and scaled feature matrix shape: (1, 17)
2026-04-30 12:56:03 - CropRecommendation.recommender - INFO - [recommender.py:145] - Found 31 similar high-yield samples
2026-04-30 12:56:03 - CropRecommendation.recommender - WARNING - [recommender.py:249] - No similar samples found for crop 'Beet', using training data median
2026-04-30 12:56:03 - CropRecommendation.recommender - INFO - [recommender.py:272] - Getting optimization recommendations for crop 'Beet'
2026-04-30 12:56:03 - CropRecommendation.recommender - INFO - [recommender.py:301] - Generated optimization recommendations for 17 features
2026-04-30 13:00:00 - CropRecommendation.predict - INFO - [predict.py:171] - Input is partial (16 missing features)
2026-04-30 13:00:00 - CropRecommendation.predict - INFO - [predict.py:106] - Making prediction from partial data: ['Temperature']
2026-04-30 13:00:00 - CropRecommendation.recommender - INFO - [recommender.py:195] - Recommending crops for input: ['Temperature']
2026-04-30 13:00:00 - CropRecommendation.preprocessing - INFO - [preprocessing.py:211] - Encoded and scaled feature matrix shape: (1, 17)
2026-04-30 13:00:00 - CropRecommendation.recommender - INFO - [recommender.py:226] - Top 3 recommendations: ['Cabbage', 'Broccoli', 'Cauliflowers']
2026-04-30 13:00:00 - CropRecommendation.recommender - INFO - [recommender.py:160] - Estimating optimal values for missing features...
2026-04-30 13:00:00 - CropRecommendation.recommender - INFO - [recommender.py:108] - Finding similar samples for input: {'Temperature': 23.0}
2026-04-30 13:00:00 - CropRecommendation.preprocessing - INFO - [preprocessing.py:211] - Encoded and scaled feature matrix shape: (1, 17)
2026-04-30 13:00:00 - CropRecommendation.recommender - INFO - [recommender.py:145] - Found 4 similar high-yield samples
2026-04-30 13:00:00 - CropRecommendation.recommender - INFO - [recommender.py:178] - Estimated values for 16 missing features
2026-04-30 13:00:00 - CropRecommendation.recommender - INFO - [recommender.py:242] - Predicting yield for crop 'Cabbage'
2026-04-30 13:00:00 - CropRecommendation.recommender - INFO - [recommender.py:108] - Finding similar samples for input: {'Temperature': 23.0}
2026-04-30 13:00:00 - CropRecommendation.preprocessing - INFO - [preprocessing.py:211] - Encoded and scaled feature matrix shape: (1, 17)
2026-04-30 13:00:00 - CropRecommendation.recommender - INFO - [recommender.py:145] - Found 29 similar high-yield samples
2026-04-30 13:00:00 - CropRecommendation.recommender - WARNING - [recommender.py:249] - No similar samples found for crop 'Cabbage', using training data median
2026-04-30 13:00:00 - CropRecommendation.recommender - INFO - [recommender.py:272] - Getting optimization recommendations for crop 'Cabbage'
2026-04-30 13:00:00 - CropRecommendation.recommender - INFO - [recommender.py:301] - Generated optimization recommendations for 17 features
2026-04-30 13:00:00 - CropRecommendation.predict - INFO - [predict.py:150] - Partial prediction complete. Top crop: Cabbage, Yield: 21.23
2026-04-30 13:00:00 - CropRecommendation.predict - INFO - [predict.py:151] - Estimated 16 missing features
2026-04-30 13:04:29 - CropRecommendation.predict - INFO - [predict.py:171] - Input is partial (12 missing features)
2026-04-30 13:04:29 - CropRecommendation.predict - INFO - [predict.py:106] - Making prediction from partial data: ['Fertility', 'Photoperiod', 'Category_pH', 'Soil_Type', 'Season']
2026-04-30 13:04:29 - CropRecommendation.recommender - INFO - [recommender.py:195] - Recommending crops for input: ['Fertility', 'Photoperiod', 'Category_pH', 'Soil_Type', 'Season']
2026-04-30 13:04:29 - CropRecommendation.preprocessing - INFO - [preprocessing.py:211] - Encoded and scaled feature matrix shape: (1, 17)
2026-04-30 13:04:29 - CropRecommendation.recommender - INFO - [recommender.py:226] - Top 3 recommendations: ['Broccoli', 'Kale', 'Cabbage']
2026-04-30 13:04:29 - CropRecommendation.recommender - INFO - [recommender.py:160] - Estimating optimal values for missing features...
2026-04-30 13:04:29 - CropRecommendation.recommender - INFO - [recommender.py:108] - Finding similar samples for input: {'Fertility': 'High', 'Photoperiod': 'Day Neutral', 'Category_pH': 'low_acidic', 'Soil_Type': 'Loam', 'Season': 'Fall'}
2026-04-30 13:04:29 - CropRecommendation.preprocessing - INFO - [preprocessing.py:211] - Encoded and scaled feature matrix shape: (1, 17)
2026-04-30 13:04:29 - CropRecommendation.recommender - INFO - [recommender.py:145] - Found 1 similar high-yield samples
2026-04-30 13:04:29 - CropRecommendation.recommender - INFO - [recommender.py:178] - Estimated values for 12 missing features
2026-04-30 13:04:29 - CropRecommendation.recommender - INFO - [recommender.py:242] - Predicting yield for crop 'Broccoli'
2026-04-30 13:04:29 - CropRecommendation.recommender - INFO - [recommender.py:108] - Finding similar samples for input: {'Fertility': 'High', 'Photoperiod': 'Day Neutral', 'Category_pH': 'low_acidic', 'Soil_Type': 'Loam', 'Season': 'Fall'}
2026-04-30 13:04:29 - CropRecommendation.preprocessing - INFO - [preprocessing.py:211] - Encoded and scaled feature matrix shape: (1, 17)
2026-04-30 13:04:29 - CropRecommendation.recommender - INFO - [recommender.py:145] - Found 31 similar high-yield samples
2026-04-30 13:04:29 - CropRecommendation.recommender - INFO - [recommender.py:256] - Predicted yield: 23.54
2026-04-30 13:04:29 - CropRecommendation.recommender - INFO - [recommender.py:272] - Getting optimization recommendations for crop 'Broccoli'
2026-04-30 13:04:29 - CropRecommendation.recommender - INFO - [recommender.py:301] - Generated optimization recommendations for 17 features
2026-04-30 13:04:29 - CropRecommendation.predict - INFO - [predict.py:150] - Partial prediction complete. Top crop: Broccoli, Yield: 23.54
2026-04-30 13:04:29 - CropRecommendation.predict - INFO - [predict.py:151] - Estimated 12 missing features
2026-04-30 13:05:03 - CropRecommendation.predict - INFO - [predict.py:171] - Input is partial (12 missing features)
2026-04-30 13:05:03 - CropRecommendation.predict - INFO - [predict.py:106] - Making prediction from partial data: ['Fertility', 'Photoperiod', 'Category_pH', 'Soil_Type', 'Season']
2026-04-30 13:05:03 - CropRecommendation.recommender - INFO - [recommender.py:195] - Recommending crops for input: ['Fertility', 'Photoperiod', 'Category_pH', 'Soil_Type', 'Season']
2026-04-30 13:05:03 - CropRecommendation.preprocessing - INFO - [preprocessing.py:211] - Encoded and scaled feature matrix shape: (1, 17)
2026-04-30 13:05:03 - CropRecommendation.recommender - INFO - [recommender.py:226] - Top 3 recommendations: ['Broccoli', 'Kale', 'Cabbage']
2026-04-30 13:05:03 - CropRecommendation.recommender - INFO - [recommender.py:160] - Estimating optimal values for missing features...
2026-04-30 13:05:03 - CropRecommendation.recommender - INFO - [recommender.py:108] - Finding similar samples for input: {'Fertility': 'High', 'Photoperiod': 'Day Neutral', 'Category_pH': 'low_acidic', 'Soil_Type': 'Loam', 'Season': 'Fall'}
2026-04-30 13:05:03 - CropRecommendation.preprocessing - INFO - [preprocessing.py:211] - Encoded and scaled feature matrix shape: (1, 17)
2026-04-30 13:05:03 - CropRecommendation.recommender - INFO - [recommender.py:145] - Found 1 similar high-yield samples
2026-04-30 13:05:03 - CropRecommendation.recommender - INFO - [recommender.py:178] - Estimated values for 12 missing features
2026-04-30 13:05:03 - CropRecommendation.recommender - INFO - [recommender.py:242] - Predicting yield for crop 'Broccoli'
2026-04-30 13:05:03 - CropRecommendation.recommender - INFO - [recommender.py:108] - Finding similar samples for input: {'Fertility': 'High', 'Photoperiod': 'Day Neutral', 'Category_pH': 'low_acidic', 'Soil_Type': 'Loam', 'Season': 'Fall'}
2026-04-30 13:05:03 - CropRecommendation.preprocessing - INFO - [preprocessing.py:211] - Encoded and scaled feature matrix shape: (1, 17)
2026-04-30 13:05:03 - CropRecommendation.recommender - INFO - [recommender.py:145] - Found 31 similar high-yield samples
2026-04-30 13:05:03 - CropRecommendation.recommender - INFO - [recommender.py:256] - Predicted yield: 23.54
2026-04-30 13:05:03 - CropRecommendation.recommender - INFO - [recommender.py:272] - Getting optimization recommendations for crop 'Broccoli'
2026-04-30 13:05:03 - CropRecommendation.recommender - INFO - [recommender.py:301] - Generated optimization recommendations for 17 features
2026-04-30 13:05:03 - CropRecommendation.predict - INFO - [predict.py:150] - Partial prediction complete. Top crop: Broccoli, Yield: 23.54
2026-04-30 13:05:03 - CropRecommendation.predict - INFO - [predict.py:151] - Estimated 12 missing features
2026-04-30 13:05:11 - CropRecommendation.predict - INFO - [predict.py:171] - Input is partial (11 missing features)
2026-04-30 13:05:11 - CropRecommendation.predict - INFO - [predict.py:106] - Making prediction from partial data: ['Temperature', 'Fertility', 'Photoperiod', 'Category_pH', 'Soil_Type', 'Season']
2026-04-30 13:05:11 - CropRecommendation.recommender - INFO - [recommender.py:195] - Recommending crops for input: ['Temperature', 'Fertility', 'Photoperiod', 'Category_pH', 'Soil_Type', 'Season']
2026-04-30 13:05:11 - CropRecommendation.preprocessing - INFO - [preprocessing.py:211] - Encoded and scaled feature matrix shape: (1, 17)
2026-04-30 13:05:11 - CropRecommendation.recommender - INFO - [recommender.py:226] - Top 3 recommendations: ['Cauliflowers', 'Kale', 'Broccoli']
2026-04-30 13:05:11 - CropRecommendation.recommender - INFO - [recommender.py:160] - Estimating optimal values for missing features...
2026-04-30 13:05:11 - CropRecommendation.recommender - INFO - [recommender.py:108] - Finding similar samples for input: {'Temperature': 34.0, 'Fertility': 'High', 'Photoperiod': 'Day Neutral', 'Category_pH': 'low_acidic', 'Soil_Type': 'Loam', 'Season': 'Fall'}
2026-04-30 13:05:11 - CropRecommendation.preprocessing - INFO - [preprocessing.py:211] - Encoded and scaled feature matrix shape: (1, 17)
2026-04-30 13:05:11 - CropRecommendation.recommender - INFO - [recommender.py:145] - Found 1 similar high-yield samples
2026-04-30 13:05:11 - CropRecommendation.recommender - INFO - [recommender.py:178] - Estimated values for 11 missing features
2026-04-30 13:05:11 - CropRecommendation.recommender - INFO - [recommender.py:242] - Predicting yield for crop 'Cauliflowers'
2026-04-30 13:05:11 - CropRecommendation.recommender - INFO - [recommender.py:108] - Finding similar samples for input: {'Temperature': 34.0, 'Fertility': 'High', 'Photoperiod': 'Day Neutral', 'Category_pH': 'low_acidic', 'Soil_Type': 'Loam', 'Season': 'Fall'}
2026-04-30 13:05:11 - CropRecommendation.preprocessing - INFO - [preprocessing.py:211] - Encoded and scaled feature matrix shape: (1, 17)
2026-04-30 13:05:11 - CropRecommendation.recommender - INFO - [recommender.py:145] - Found 5 similar high-yield samples
2026-04-30 13:05:11 - CropRecommendation.recommender - INFO - [recommender.py:256] - Predicted yield: 23.58
2026-04-30 13:05:11 - CropRecommendation.recommender - INFO - [recommender.py:272] - Getting optimization recommendations for crop 'Cauliflowers'
2026-04-30 13:05:11 - CropRecommendation.recommender - INFO - [recommender.py:301] - Generated optimization recommendations for 17 features
2026-04-30 13:05:11 - CropRecommendation.predict - INFO - [predict.py:150] - Partial prediction complete. Top crop: Cauliflowers, Yield: 23.58
2026-04-30 13:05:11 - CropRecommendation.predict - INFO - [predict.py:151] - Estimated 11 missing features
2026-04-30 13:05:48 - CropRecommendation.predict - INFO - [predict.py:185] - Making yield prediction for crop 'Potatoes'
2026-04-30 13:05:48 - CropRecommendation.recommender - INFO - [recommender.py:160] - Estimating optimal values for missing features...
2026-04-30 13:05:48 - CropRecommendation.recommender - INFO - [recommender.py:108] - Finding similar samples for input: {'Temperature': 45.0, 'Rainfall': 145.0, 'pH': 7.0, 'Light_Hours': 15.0, 'Light_Intensity': 500.0, 'Nitrogen': 234.0, 'Potassium': 349.0, 'Fertility': 'High', 'Photoperiod': 'Day Neutral', 'Category_pH': 'low_acidic', 'Soil_Type': 'Loam', 'Season': 'Fall'}
2026-04-30 13:05:48 - CropRecommendation.preprocessing - INFO - [preprocessing.py:211] - Encoded and scaled feature matrix shape: (1, 17)
2026-04-30 13:05:48 - CropRecommendation.recommender - INFO - [recommender.py:145] - Found 0 similar high-yield samples
2026-04-30 13:05:48 - CropRecommendation.recommender - WARNING - [recommender.py:165] - No high-yield similar samples found, using general median values
2026-04-30 13:05:48 - CropRecommendation.recommender - INFO - [recommender.py:108] - Finding similar samples for input: {'Temperature': 45.0, 'Rainfall': 145.0, 'pH': 7.0, 'Light_Hours': 15.0, 'Light_Intensity': 500.0, 'Nitrogen': 234.0, 'Potassium': 349.0, 'Fertility': 'High', 'Photoperiod': 'Day Neutral', 'Category_pH': 'low_acidic', 'Soil_Type': 'Loam', 'Season': 'Fall'}
2026-04-30 13:05:48 - CropRecommendation.preprocessing - INFO - [preprocessing.py:211] - Encoded and scaled feature matrix shape: (1, 17)
2026-04-30 13:05:48 - CropRecommendation.recommender - INFO - [recommender.py:145] - Found 10 similar high-yield samples
2026-04-30 13:05:48 - CropRecommendation.recommender - INFO - [recommender.py:178] - Estimated values for 5 missing features
2026-04-30 13:05:48 - CropRecommendation.recommender - INFO - [recommender.py:242] - Predicting yield for crop 'Potatoes'
2026-04-30 13:05:48 - CropRecommendation.recommender - INFO - [recommender.py:108] - Finding similar samples for input: {'Temperature': 45.0, 'Rainfall': 145.0, 'pH': 7.0, 'Light_Hours': 15.0, 'Light_Intensity': 500.0, 'Nitrogen': 234.0, 'Potassium': 349.0, 'Fertility': 'High', 'Photoperiod': 'Day Neutral', 'Category_pH': 'low_acidic', 'Soil_Type': 'Loam', 'Season': 'Fall'}
2026-04-30 13:05:48 - CropRecommendation.preprocessing - INFO - [preprocessing.py:211] - Encoded and scaled feature matrix shape: (1, 17)
2026-04-30 13:05:48 - CropRecommendation.recommender - INFO - [recommender.py:145] - Found 6 similar high-yield samples
2026-04-30 13:05:48 - CropRecommendation.recommender - WARNING - [recommender.py:249] - No similar samples found for crop 'Potatoes', using training data median
2026-04-30 13:05:48 - CropRecommendation.recommender - INFO - [recommender.py:272] - Getting optimization recommendations for crop 'Potatoes'
2026-04-30 13:05:48 - CropRecommendation.recommender - INFO - [recommender.py:301] - Generated optimization recommendations for 17 features
2026-04-30 13:07:18 - CropRecommendation.predict - INFO - [predict.py:171] - Input is partial (14 missing features)
2026-04-30 13:07:18 - CropRecommendation.predict - INFO - [predict.py:106] - Making prediction from partial data: ['Temperature', 'Rainfall', 'pH']
2026-04-30 13:07:18 - CropRecommendation.recommender - INFO - [recommender.py:195] - Recommending crops for input: ['Temperature', 'Rainfall', 'pH']
2026-04-30 13:07:18 - CropRecommendation.preprocessing - INFO - [preprocessing.py:211] - Encoded and scaled feature matrix shape: (1, 17)
2026-04-30 13:07:18 - CropRecommendation.recommender - INFO - [recommender.py:226] - Top 3 recommendations: ['Cabbage', 'Broccoli', 'Cauliflowers']
2026-04-30 13:07:18 - CropRecommendation.recommender - INFO - [recommender.py:160] - Estimating optimal values for missing features...
2026-04-30 13:07:18 - CropRecommendation.recommender - INFO - [recommender.py:108] - Finding similar samples for input: {'Temperature': 23.0, 'Rainfall': 3333.0, 'pH': 33.0}
2026-04-30 13:07:18 - CropRecommendation.preprocessing - INFO - [preprocessing.py:211] - Encoded and scaled feature matrix shape: (1, 17)
2026-04-30 13:07:18 - CropRecommendation.recommender - INFO - [recommender.py:145] - Found 0 similar high-yield samples
2026-04-30 13:07:18 - CropRecommendation.recommender - WARNING - [recommender.py:165] - No high-yield similar samples found, using general median values
2026-04-30 13:07:18 - CropRecommendation.recommender - INFO - [recommender.py:108] - Finding similar samples for input: {'Temperature': 23.0, 'Rainfall': 3333.0, 'pH': 33.0}
2026-04-30 13:07:18 - CropRecommendation.preprocessing - INFO - [preprocessing.py:211] - Encoded and scaled feature matrix shape: (1, 17)
2026-04-30 13:07:18 - CropRecommendation.recommender - INFO - [recommender.py:145] - Found 10 similar high-yield samples
2026-04-30 13:07:18 - CropRecommendation.recommender - INFO - [recommender.py:178] - Estimated values for 14 missing features
2026-04-30 13:07:18 - CropRecommendation.recommender - INFO - [recommender.py:242] - Predicting yield for crop 'Cabbage'
2026-04-30 13:07:18 - CropRecommendation.recommender - INFO - [recommender.py:108] - Finding similar samples for input: {'Temperature': 23.0, 'Rainfall': 3333.0, 'pH': 33.0}
2026-04-30 13:07:18 - CropRecommendation.preprocessing - INFO - [preprocessing.py:211] - Encoded and scaled feature matrix shape: (1, 17)
2026-04-30 13:07:18 - CropRecommendation.recommender - INFO - [recommender.py:145] - Found 0 similar high-yield samples
2026-04-30 13:07:18 - CropRecommendation.recommender - WARNING - [recommender.py:249] - No similar samples found for crop 'Cabbage', using training data median
2026-04-30 13:07:18 - CropRecommendation.recommender - INFO - [recommender.py:272] - Getting optimization recommendations for crop 'Cabbage'
2026-04-30 13:07:18 - CropRecommendation.recommender - INFO - [recommender.py:301] - Generated optimization recommendations for 17 features
2026-04-30 13:07:18 - CropRecommendation.predict - INFO - [predict.py:150] - Partial prediction complete. Top crop: Cabbage, Yield: 21.23
2026-04-30 13:07:18 - CropRecommendation.predict - INFO - [predict.py:151] - Estimated 14 missing features
