2026-04-30 11:17:47 - CropRecommendation.preprocessing - INFO - [preprocessing.py:45] - CropDataProcessor initialized
2026-04-30 11:17:47 - CropRecommendation.preprocessing - INFO - [preprocessing.py:55] - Loading data from /Users/alpsalcioglu/Desktop/capstoneProject/Capstone-2/data/Soil_Nutrients.csv
2026-04-30 11:17:47 - CropRecommendation.preprocessing - INFO - [preprocessing.py:57] - Data shape: (15400, 19)
2026-04-30 11:17:47 - CropRecommendation.preprocessing - INFO - [preprocessing.py:58] - Columns: ['Name', 'Fertility', 'Photoperiod', 'Temperature', 'Rainfall', 'pH', 'Light_Hours', 'Light_Intensity', 'Rh', 'Nitrogen', 'Phosphorus', 'Potassium', 'Yield', 'Category_pH', 'Soil_Type', 'Season', 'N_Ratio', 'P_Ratio', 'K_Ratio']
2026-04-30 11:17:47 - CropRecommendation.preprocessing - INFO - [preprocessing.py:67] - ================================================================================
2026-04-30 11:17:47 - CropRecommendation.preprocessing - INFO - [preprocessing.py:68] - DATA EXPLORATION REPORT
2026-04-30 11:17:47 - CropRecommendation.preprocessing - INFO - [preprocessing.py:69] - ================================================================================
2026-04-30 11:17:47 - CropRecommendation.preprocessing - INFO - [preprocessing.py:71] - 
Dataset Shape: (15400, 19)
2026-04-30 11:17:47 - CropRecommendation.preprocessing - INFO - [preprocessing.py:72] - 
Missing Values:
Name               0
Fertility          0
Photoperiod        0
Temperature        0
Rainfall           0
pH                 0
Light_Hours        0
Light_Intensity    0
Rh                 0
Nitrogen           0
Phosphorus         0
Potassium          0
Yield              0
Category_pH        0
Soil_Type          0
Season             0
N_Ratio            0
P_Ratio            0
K_Ratio            0
dtype: int64
2026-04-30 11:17:47 - CropRecommendation.preprocessing - INFO - [preprocessing.py:73] - 
Data Types:
Name                object
Fertility           object
Photoperiod         object
Temperature        float64
Rainfall           float64
pH                 float64
Light_Hours        float64
Light_Intensity    float64
Rh                 float64
Nitrogen           float64
Phosphorus         float64
Potassium          float64
Yield              float64
Category_pH         object
Soil_Type           object
Season              object
N_Ratio            float64
P_Ratio            float64
K_Ratio            float64
dtype: object
2026-04-30 11:17:47 - CropRecommendation.preprocessing - INFO - [preprocessing.py:74] - 
First few rows:
         Name Fertility  ... P_Ratio  K_Ratio
0  Strawberry  Moderate  ...    10.0     10.0
1  Strawberry  Moderate  ...    10.0     10.0
2  Strawberry  Moderate  ...    10.0     10.0
3  Strawberry  Moderate  ...    10.0     10.0
4  Strawberry  Moderate  ...    10.0     10.0

[5 rows x 19 columns]
2026-04-30 11:17:47 - CropRecommendation.preprocessing - INFO - [preprocessing.py:75] - 
Basic Statistics:
        Temperature  ...       K_Ratio
count  15400.000000  ...  15400.000000
mean      20.801671  ...     12.477273
std        4.415164  ...      7.805376
min        9.355908  ...      5.000000
25%       17.915142  ...     10.000000
50%       19.929578  ...     10.000000
75%       22.936714  ...     10.000000
max       39.913892  ...     37.500000

[8 rows x 13 columns]
2026-04-30 11:17:47 - CropRecommendation.preprocessing - INFO - [preprocessing.py:76] - 
Unique values per column:
Name                  22
Fertility              2
Photoperiod            3
Temperature        15400
Rainfall           15400
pH                 15400
Light_Hours        15400
Light_Intensity    15400
Rh                 15400
Nitrogen           15400
Phosphorus         15400
Potassium          15400
Yield              15400
Category_pH            3
Soil_Type              3
Season                 4
N_Ratio                6
P_Ratio                5
K_Ratio                5
dtype: int64
2026-04-30 11:17:47 - CropRecommendation.preprocessing - INFO - [preprocessing.py:117] - Missing values before handling: 0
2026-04-30 11:17:47 - CropRecommendation.preprocessing - INFO - [preprocessing.py:137] - Missing values after handling: 0
2026-04-30 11:17:47 - CropRecommendation.preprocessing - INFO - [preprocessing.py:101] - Categorical features: ['Fertility', 'Photoperiod', 'Category_pH', 'Soil_Type', 'Season']
2026-04-30 11:17:47 - CropRecommendation.preprocessing - INFO - [preprocessing.py:102] - Numerical features: ['Temperature', 'Rainfall', 'pH', 'Light_Hours', 'Light_Intensity', 'Rh', 'Nitrogen', 'Phosphorus', 'Potassium', 'N_Ratio', 'P_Ratio', 'K_Ratio']
2026-04-30 11:17:47 - CropRecommendation.preprocessing - INFO - [preprocessing.py:101] - Categorical features: ['Fertility', 'Photoperiod', 'Category_pH', 'Soil_Type', 'Season']
2026-04-30 11:17:47 - CropRecommendation.preprocessing - INFO - [preprocessing.py:102] - Numerical features: ['Temperature', 'Rainfall', 'pH', 'Light_Hours', 'Light_Intensity', 'Rh', 'Nitrogen', 'Phosphorus', 'Potassium', 'N_Ratio', 'P_Ratio', 'K_Ratio']
2026-04-30 11:17:47 - CropRecommendation.preprocessing - INFO - [preprocessing.py:161] - Feature matrix shape: (15400, 17)
2026-04-30 11:17:47 - CropRecommendation.preprocessing - INFO - [preprocessing.py:162] - Crop target shape: (15400,)
2026-04-30 11:17:47 - CropRecommendation.preprocessing - INFO - [preprocessing.py:163] - Yield target shape: (15400,)
2026-04-30 11:17:47 - CropRecommendation.preprocessing - INFO - [preprocessing.py:164] - Unique crops: 22
2026-04-30 11:17:47 - CropRecommendation.preprocessing - INFO - [preprocessing.py:211] - Encoded and scaled feature matrix shape: (15400, 17)
2026-04-30 11:17:47 - CropRecommendation.preprocessing - INFO - [preprocessing.py:226] - Preprocessor saved to /Users/alpsalcioglu/Desktop/capstoneProject/Capstone-2/models
2026-04-30 11:17:47 - CropRecommendation.train - INFO - [train.py:55] - ModelTrainer initialized. Models directory: /Users/alpsalcioglu/Desktop/capstoneProject/Capstone-2/models
2026-04-30 11:17:47 - CropRecommendation.train - INFO - [train.py:110] - Training crop classification model...
2026-04-30 11:17:50 - CropRecommendation.train - INFO - [train.py:148] - Classifier candidate RandomForest - Test Accuracy: 1.0000, CV: 0.9998 (+/- 0.0002)
2026-04-30 11:17:52 - CropRecommendation.train - INFO - [train.py:148] - Classifier candidate ExtraTrees - Test Accuracy: 1.0000, CV: 1.0000 (+/- 0.0000)
2026-04-30 11:17:52 - CropRecommendation.train - INFO - [train.py:166] - Selected classifier: ExtraTrees
2026-04-30 11:17:52 - CropRecommendation.train - INFO - [train.py:167] - 
Top 10 Most Important Features (Crop Classification):
        feature  importance
14      N_Ratio    0.106961
13    Potassium    0.101035
10           Rh    0.089262
11     Nitrogen    0.089160
12   Phosphorus    0.088993
16      K_Ratio    0.076846
3     Soil_Type    0.071101
0     Fertility    0.062823
8   Light_Hours    0.061317
15      P_Ratio    0.056770
2026-04-30 11:17:52 - CropRecommendation.train - INFO - [train.py:183] - Training yield regression model...
2026-04-30 11:18:04 - CropRecommendation.train - INFO - [train.py:219] - Regressor candidate RandomForest - Test R²: 0.9932, RMSE: 1.2872, CV: 0.9922 (+/- 0.0013)
2026-04-30 11:18:08 - CropRecommendation.train - INFO - [train.py:219] - Regressor candidate ExtraTrees - Test R²: 0.9946, RMSE: 1.1403, CV: 0.9942 (+/- 0.0002)
2026-04-30 11:18:08 - CropRecommendation.train - INFO - [train.py:237] - Selected regressor: ExtraTrees
2026-04-30 11:18:08 - CropRecommendation.train - INFO - [train.py:238] - 
Top 10 Most Important Features (Yield Regression):
            feature  importance
3         Soil_Type    0.232868
6          Rainfall    0.164275
8       Light_Hours    0.121044
14          N_Ratio    0.106783
15          P_Ratio    0.061531
13        Potassium    0.056737
10               Rh    0.055034
12       Phosphorus    0.048689
9   Light_Intensity    0.033805
5       Temperature    0.032834
2026-04-30 11:18:09 - CropRecommendation.train - INFO - [train.py:349] - Crop classifier feature importance plot saved
2026-04-30 11:18:09 - CropRecommendation.train - INFO - [train.py:361] - Yield regressor feature importance plot saved
2026-04-30 11:18:09 - CropRecommendation.recommender - INFO - [recommender.py:53] - IntelligentRecommender initialized with KNN model
2026-04-30 11:18:09 - CropRecommendation.train - INFO - [train.py:246] - Crop classifier saved
2026-04-30 11:18:10 - CropRecommendation.train - INFO - [train.py:250] - Yield regressor saved
2026-04-30 11:18:10 - CropRecommendation.recommender - INFO - [recommender.py:321] - Recommender KNN model saved
2026-04-30 11:18:10 - CropRecommendation.predict - INFO - [predict.py:44] - CropPredictor initialized
2026-04-30 11:18:10 - CropRecommendation.predict - INFO - [predict.py:171] - Input is partial (14 missing features)
2026-04-30 11:18:10 - CropRecommendation.predict - INFO - [predict.py:106] - Making prediction from partial data: ['Temperature', 'Rainfall', 'pH']
2026-04-30 11:18:10 - CropRecommendation.recommender - INFO - [recommender.py:195] - Recommending crops for input: ['Temperature', 'Rainfall', 'pH']
2026-04-30 11:18:10 - CropRecommendation.recommender - INFO - [recommender.py:108] - Finding similar samples for input: {'Temperature': 22, 'Rainfall': 800, 'pH': 6.3}
2026-04-30 11:18:10 - CropRecommendation.preprocessing - INFO - [preprocessing.py:211] - Encoded and scaled feature matrix shape: (1, 17)
2026-04-30 11:18:10 - CropRecommendation.recommender - INFO - [recommender.py:145] - Found 14 similar high-yield samples
2026-04-30 11:18:10 - CropRecommendation.recommender - INFO - [recommender.py:233] - Top 3 recommendations: ['Broccoli']
2026-04-30 11:18:10 - CropRecommendation.recommender - INFO - [recommender.py:160] - Estimating optimal values for missing features...
2026-04-30 11:18:10 - CropRecommendation.recommender - INFO - [recommender.py:108] - Finding similar samples for input: {'Temperature': 22, 'Rainfall': 800, 'pH': 6.3}
2026-04-30 11:18:10 - CropRecommendation.preprocessing - INFO - [preprocessing.py:211] - Encoded and scaled feature matrix shape: (1, 17)
2026-04-30 11:18:10 - CropRecommendation.recommender - INFO - [recommender.py:145] - Found 6 similar high-yield samples
2026-04-30 11:18:10 - CropRecommendation.recommender - INFO - [recommender.py:178] - Estimated values for 14 missing features
2026-04-30 11:18:10 - CropRecommendation.recommender - INFO - [recommender.py:249] - Predicting yield for crop 'Broccoli'
2026-04-30 11:18:10 - CropRecommendation.recommender - INFO - [recommender.py:108] - Finding similar samples for input: {'Temperature': 22, 'Rainfall': 800, 'pH': 6.3}
2026-04-30 11:18:10 - CropRecommendation.preprocessing - INFO - [preprocessing.py:211] - Encoded and scaled feature matrix shape: (1, 17)
2026-04-30 11:18:10 - CropRecommendation.recommender - INFO - [recommender.py:145] - Found 32 similar high-yield samples
2026-04-30 11:18:10 - CropRecommendation.recommender - INFO - [recommender.py:263] - Predicted yield: 23.56
2026-04-30 11:18:10 - CropRecommendation.recommender - INFO - [recommender.py:279] - Getting optimization recommendations for crop 'Broccoli'
2026-04-30 11:18:10 - CropRecommendation.recommender - INFO - [recommender.py:308] - Generated optimization recommendations for 17 features
2026-04-30 11:18:10 - CropRecommendation.predict - INFO - [predict.py:150] - Partial prediction complete. Top crop: Broccoli, Yield: 23.56
2026-04-30 11:18:10 - CropRecommendation.predict - INFO - [predict.py:151] - Estimated 14 missing features
2026-04-30 11:18:10 - CropRecommendation.predict - INFO - [predict.py:171] - Input is partial (9 missing features)
2026-04-30 11:18:10 - CropRecommendation.predict - INFO - [predict.py:106] - Making prediction from partial data: ['Temperature', 'Rainfall', 'pH', 'Nitrogen', 'Phosphorus', 'Potassium', 'Soil_Type', 'Season']
2026-04-30 11:18:10 - CropRecommendation.recommender - INFO - [recommender.py:195] - Recommending crops for input: ['Temperature', 'Rainfall', 'pH', 'Nitrogen', 'Phosphorus', 'Potassium', 'Soil_Type', 'Season']
2026-04-30 11:18:10 - CropRecommendation.recommender - INFO - [recommender.py:108] - Finding similar samples for input: {'Temperature': 19, 'Rainfall': 700, 'pH': 6.5, 'Nitrogen': 180, 'Phosphorus': 110, 'Potassium': 240, 'Soil_Type': 'Loam', 'Season': 'Spring'}
2026-04-30 11:18:10 - CropRecommendation.preprocessing - INFO - [preprocessing.py:211] - Encoded and scaled feature matrix shape: (1, 17)
2026-04-30 11:18:10 - CropRecommendation.recommender - INFO - [recommender.py:145] - Found 0 similar high-yield samples
2026-04-30 11:18:10 - CropRecommendation.recommender - INFO - [recommender.py:108] - Finding similar samples for input: {'Temperature': 19, 'Rainfall': 700, 'pH': 6.5, 'Nitrogen': 180, 'Phosphorus': 110, 'Potassium': 240, 'Soil_Type': 'Loam', 'Season': 'Spring'}
2026-04-30 11:18:10 - CropRecommendation.preprocessing - INFO - [preprocessing.py:211] - Encoded and scaled feature matrix shape: (1, 17)
2026-04-30 11:18:10 - CropRecommendation.recommender - INFO - [recommender.py:145] - Found 10 similar high-yield samples
2026-04-30 11:18:10 - CropRecommendation.recommender - INFO - [recommender.py:233] - Top 3 recommendations: ['Cabbage']
2026-04-30 11:18:10 - CropRecommendation.recommender - INFO - [recommender.py:160] - Estimating optimal values for missing features...
2026-04-30 11:18:10 - CropRecommendation.recommender - INFO - [recommender.py:108] - Finding similar samples for input: {'Temperature': 19, 'Rainfall': 700, 'pH': 6.5, 'Nitrogen': 180, 'Phosphorus': 110, 'Potassium': 240, 'Soil_Type': 'Loam', 'Season': 'Spring'}
2026-04-30 11:18:10 - CropRecommendation.preprocessing - INFO - [preprocessing.py:211] - Encoded and scaled feature matrix shape: (1, 17)
2026-04-30 11:18:10 - CropRecommendation.recommender - INFO - [recommender.py:145] - Found 0 similar high-yield samples
2026-04-30 11:18:10 - CropRecommendation.recommender - WARNING - [recommender.py:165] - No high-yield similar samples found, using general median values
2026-04-30 11:18:10 - CropRecommendation.recommender - INFO - [recommender.py:108] - Finding similar samples for input: {'Temperature': 19, 'Rainfall': 700, 'pH': 6.5, 'Nitrogen': 180, 'Phosphorus': 110, 'Potassium': 240, 'Soil_Type': 'Loam', 'Season': 'Spring'}
2026-04-30 11:18:10 - CropRecommendation.preprocessing - INFO - [preprocessing.py:211] - Encoded and scaled feature matrix shape: (1, 17)
2026-04-30 11:18:10 - CropRecommendation.recommender - INFO - [recommender.py:145] - Found 10 similar high-yield samples
2026-04-30 11:18:10 - CropRecommendation.recommender - INFO - [recommender.py:178] - Estimated values for 9 missing features
2026-04-30 11:18:10 - CropRecommendation.recommender - INFO - [recommender.py:249] - Predicting yield for crop 'Cabbage'
2026-04-30 11:18:10 - CropRecommendation.recommender - INFO - [recommender.py:108] - Finding similar samples for input: {'Temperature': 19, 'Rainfall': 700, 'pH': 6.5, 'Nitrogen': 180, 'Phosphorus': 110, 'Potassium': 240, 'Soil_Type': 'Loam', 'Season': 'Spring'}
2026-04-30 11:18:10 - CropRecommendation.preprocessing - INFO - [preprocessing.py:211] - Encoded and scaled feature matrix shape: (1, 17)
2026-04-30 11:18:10 - CropRecommendation.recommender - INFO - [recommender.py:145] - Found 3 similar high-yield samples
2026-04-30 11:18:10 - CropRecommendation.recommender - WARNING - [recommender.py:256] - No similar samples found for crop 'Cabbage', using training data median
2026-04-30 11:18:10 - CropRecommendation.recommender - INFO - [recommender.py:279] - Getting optimization recommendations for crop 'Cabbage'
2026-04-30 11:18:10 - CropRecommendation.recommender - INFO - [recommender.py:308] - Generated optimization recommendations for 17 features
2026-04-30 11:18:10 - CropRecommendation.predict - INFO - [predict.py:150] - Partial prediction complete. Top crop: Cabbage, Yield: 21.23
2026-04-30 11:18:10 - CropRecommendation.predict - INFO - [predict.py:151] - Estimated 9 missing features
2026-04-30 11:18:10 - CropRecommendation.predict - INFO - [predict.py:185] - Making yield prediction for crop 'Strawberry'
2026-04-30 11:18:10 - CropRecommendation.recommender - INFO - [recommender.py:160] - Estimating optimal values for missing features...
2026-04-30 11:18:10 - CropRecommendation.recommender - INFO - [recommender.py:108] - Finding similar samples for input: {'Temperature': 20, 'Rainfall': 750, 'pH': 6.5}
2026-04-30 11:18:10 - CropRecommendation.preprocessing - INFO - [preprocessing.py:211] - Encoded and scaled feature matrix shape: (1, 17)
2026-04-30 11:18:10 - CropRecommendation.recommender - INFO - [recommender.py:145] - Found 2 similar high-yield samples
2026-04-30 11:18:10 - CropRecommendation.recommender - INFO - [recommender.py:178] - Estimated values for 14 missing features
2026-04-30 11:18:10 - CropRecommendation.recommender - INFO - [recommender.py:249] - Predicting yield for crop 'Strawberry'
2026-04-30 11:18:10 - CropRecommendation.recommender - INFO - [recommender.py:108] - Finding similar samples for input: {'Temperature': 20, 'Rainfall': 750, 'pH': 6.5}
2026-04-30 11:18:10 - CropRecommendation.preprocessing - INFO - [preprocessing.py:211] - Encoded and scaled feature matrix shape: (1, 17)
2026-04-30 11:18:10 - CropRecommendation.recommender - INFO - [recommender.py:145] - Found 23 similar high-yield samples
2026-04-30 11:18:10 - CropRecommendation.recommender - WARNING - [recommender.py:256] - No similar samples found for crop 'Strawberry', using training data median
2026-04-30 11:18:10 - CropRecommendation.recommender - INFO - [recommender.py:279] - Getting optimization recommendations for crop 'Strawberry'
2026-04-30 11:18:10 - CropRecommendation.recommender - INFO - [recommender.py:308] - Generated optimization recommendations for 17 features
2026-04-30 11:18:10 - CropRecommendation.pipeline - INFO - [run_pipeline.py:346] - Pipeline execution complete ✓
