2026-04-30 13:15:16 - CropRecommendation.preprocessing - INFO - [preprocessing.py:45] - CropDataProcessor initialized
2026-04-30 13:15:16 - CropRecommendation.preprocessing - INFO - [preprocessing.py:238] - Preprocessor loaded from /Users/alpsalcioglu/Desktop/capstoneProject/Capstone-2/models
2026-04-30 13:15:16 - CropRecommendation.preprocessing - INFO - [preprocessing.py:55] - Loading data from /Users/alpsalcioglu/Desktop/capstoneProject/Capstone-2/data/Soil_Nutrients.csv
2026-04-30 13:15:16 - CropRecommendation.preprocessing - INFO - [preprocessing.py:57] - Data shape: (15400, 19)
2026-04-30 13:15:16 - CropRecommendation.preprocessing - INFO - [preprocessing.py:58] - Columns: ['Name', 'Fertility', 'Photoperiod', 'Temperature', 'Rainfall', 'pH', 'Light_Hours', 'Light_Intensity', 'Rh', 'Nitrogen', 'Phosphorus', 'Potassium', 'Yield', 'Category_pH', 'Soil_Type', 'Season', 'N_Ratio', 'P_Ratio', 'K_Ratio']
2026-04-30 13:15:16 - CropRecommendation.preprocessing - INFO - [preprocessing.py:117] - Missing values before handling: 0
2026-04-30 13:15:16 - CropRecommendation.preprocessing - INFO - [preprocessing.py:137] - Missing values after handling: 0
2026-04-30 13:15:16 - CropRecommendation.preprocessing - INFO - [preprocessing.py:101] - Categorical features: ['Fertility', 'Photoperiod', 'Category_pH', 'Soil_Type', 'Season']
2026-04-30 13:15:16 - CropRecommendation.preprocessing - INFO - [preprocessing.py:102] - Numerical features: ['Temperature', 'Rainfall', 'pH', 'Light_Hours', 'Light_Intensity', 'Rh', 'Nitrogen', 'Phosphorus', 'Potassium', 'N_Ratio', 'P_Ratio', 'K_Ratio']
2026-04-30 13:15:16 - CropRecommendation.preprocessing - INFO - [preprocessing.py:101] - Categorical features: ['Fertility', 'Photoperiod', 'Category_pH', 'Soil_Type', 'Season']
2026-04-30 13:15:16 - CropRecommendation.preprocessing - INFO - [preprocessing.py:102] - Numerical features: ['Temperature', 'Rainfall', 'pH', 'Light_Hours', 'Light_Intensity', 'Rh', 'Nitrogen', 'Phosphorus', 'Potassium', 'N_Ratio', 'P_Ratio', 'K_Ratio']
2026-04-30 13:15:16 - CropRecommendation.preprocessing - INFO - [preprocessing.py:161] - Feature matrix shape: (15400, 17)
2026-04-30 13:15:16 - CropRecommendation.preprocessing - INFO - [preprocessing.py:162] - Crop target shape: (15400,)
2026-04-30 13:15:16 - CropRecommendation.preprocessing - INFO - [preprocessing.py:163] - Yield target shape: (15400,)
2026-04-30 13:15:16 - CropRecommendation.preprocessing - INFO - [preprocessing.py:164] - Unique crops: 22
2026-04-30 13:15:16 - CropRecommendation.preprocessing - INFO - [preprocessing.py:211] - Encoded and scaled feature matrix shape: (15400, 17)
2026-04-30 13:15:16 - CropRecommendation.recommender - INFO - [recommender.py:53] - IntelligentRecommender initialized with KNN model
2026-04-30 13:15:16 - CropRecommendation.predict - INFO - [predict.py:44] - CropPredictor initialized
2026-04-30 13:15:16 - CropRecommendation.api - INFO - [api.py:90] - Models loaded successfully
2026-04-30 13:16:34 - CropRecommendation.predict - INFO - [predict.py:171] - Input is partial (16 missing features)
2026-04-30 13:16:34 - CropRecommendation.predict - INFO - [predict.py:106] - Making prediction from partial data: ['Temperature']
2026-04-30 13:16:34 - CropRecommendation.recommender - INFO - [recommender.py:195] - Recommending crops for input: ['Temperature']
2026-04-30 13:16:34 - CropRecommendation.preprocessing - INFO - [preprocessing.py:211] - Encoded and scaled feature matrix shape: (1, 17)
2026-04-30 13:16:34 - CropRecommendation.recommender - INFO - [recommender.py:226] - Top 3 recommendations: ['Broccoli', 'Cabbage', 'Cauliflowers']
2026-04-30 13:16:34 - CropRecommendation.recommender - INFO - [recommender.py:160] - Estimating optimal values for missing features...
2026-04-30 13:16:34 - CropRecommendation.recommender - INFO - [recommender.py:108] - Finding similar samples for input: {'Temperature': 666.0}
2026-04-30 13:16:34 - CropRecommendation.preprocessing - INFO - [preprocessing.py:211] - Encoded and scaled feature matrix shape: (1, 17)
2026-04-30 13:16:35 - CropRecommendation.recommender - INFO - [recommender.py:145] - Found 10 similar high-yield samples
2026-04-30 13:16:35 - CropRecommendation.recommender - INFO - [recommender.py:178] - Estimated values for 16 missing features
2026-04-30 13:16:35 - CropRecommendation.recommender - INFO - [recommender.py:242] - Predicting yield for crop 'Broccoli'
2026-04-30 13:16:35 - CropRecommendation.recommender - INFO - [recommender.py:108] - Finding similar samples for input: {'Temperature': 666.0}
2026-04-30 13:16:35 - CropRecommendation.preprocessing - INFO - [preprocessing.py:211] - Encoded and scaled feature matrix shape: (1, 17)
2026-04-30 13:16:35 - CropRecommendation.recommender - INFO - [recommender.py:145] - Found 50 similar high-yield samples
2026-04-30 13:16:35 - CropRecommendation.recommender - WARNING - [recommender.py:249] - No similar samples found for crop 'Broccoli', using training data median
2026-04-30 13:16:35 - CropRecommendation.recommender - INFO - [recommender.py:272] - Getting optimization recommendations for crop 'Broccoli'
2026-04-30 13:16:35 - CropRecommendation.recommender - INFO - [recommender.py:301] - Generated optimization recommendations for 17 features
2026-04-30 13:16:35 - CropRecommendation.predict - INFO - [predict.py:150] - Partial prediction complete. Top crop: Broccoli, Yield: 21.23
2026-04-30 13:16:35 - CropRecommendation.predict - INFO - [predict.py:151] - Estimated 16 missing features
