2026-04-30 11:20:05 - CropRecommendation.preprocessing - INFO - [preprocessing.py:45] - CropDataProcessor initialized
2026-04-30 11:20:05 - CropRecommendation.preprocessing - INFO - [preprocessing.py:238] - Preprocessor loaded from /Users/alpsalcioglu/Desktop/capstoneProject/Capstone-2/models
2026-04-30 11:20:05 - CropRecommendation.preprocessing - INFO - [preprocessing.py:55] - Loading data from /Users/alpsalcioglu/Desktop/capstoneProject/Capstone-2/data/Soil_Nutrients.csv
2026-04-30 11:20:05 - CropRecommendation.preprocessing - INFO - [preprocessing.py:57] - Data shape: (15400, 19)
2026-04-30 11:20:05 - CropRecommendation.preprocessing - INFO - [preprocessing.py:58] - Columns: ['Name', 'Fertility', 'Photoperiod', 'Temperature', 'Rainfall', 'pH', 'Light_Hours', 'Light_Intensity', 'Rh', 'Nitrogen', 'Phosphorus', 'Potassium', 'Yield', 'Category_pH', 'Soil_Type', 'Season', 'N_Ratio', 'P_Ratio', 'K_Ratio']
2026-04-30 11:20:05 - CropRecommendation.preprocessing - INFO - [preprocessing.py:117] - Missing values before handling: 0
2026-04-30 11:20:05 - CropRecommendation.preprocessing - INFO - [preprocessing.py:137] - Missing values after handling: 0
2026-04-30 11:20:05 - CropRecommendation.preprocessing - INFO - [preprocessing.py:101] - Categorical features: ['Fertility', 'Photoperiod', 'Category_pH', 'Soil_Type', 'Season']
2026-04-30 11:20:05 - CropRecommendation.preprocessing - INFO - [preprocessing.py:102] - Numerical features: ['Temperature', 'Rainfall', 'pH', 'Light_Hours', 'Light_Intensity', 'Rh', 'Nitrogen', 'Phosphorus', 'Potassium', 'N_Ratio', 'P_Ratio', 'K_Ratio']
2026-04-30 11:20:05 - CropRecommendation.preprocessing - INFO - [preprocessing.py:101] - Categorical features: ['Fertility', 'Photoperiod', 'Category_pH', 'Soil_Type', 'Season']
2026-04-30 11:20:05 - CropRecommendation.preprocessing - INFO - [preprocessing.py:102] - Numerical features: ['Temperature', 'Rainfall', 'pH', 'Light_Hours', 'Light_Intensity', 'Rh', 'Nitrogen', 'Phosphorus', 'Potassium', 'N_Ratio', 'P_Ratio', 'K_Ratio']
2026-04-30 11:20:05 - CropRecommendation.preprocessing - INFO - [preprocessing.py:161] - Feature matrix shape: (15400, 17)
2026-04-30 11:20:05 - CropRecommendation.preprocessing - INFO - [preprocessing.py:162] - Crop target shape: (15400,)
2026-04-30 11:20:05 - CropRecommendation.preprocessing - INFO - [preprocessing.py:163] - Yield target shape: (15400,)
2026-04-30 11:20:05 - CropRecommendation.preprocessing - INFO - [preprocessing.py:164] - Unique crops: 22
2026-04-30 11:20:05 - CropRecommendation.preprocessing - INFO - [preprocessing.py:211] - Encoded and scaled feature matrix shape: (15400, 17)
2026-04-30 11:20:05 - CropRecommendation.recommender - INFO - [recommender.py:53] - IntelligentRecommender initialized with KNN model
2026-04-30 11:20:05 - CropRecommendation.predict - INFO - [predict.py:44] - CropPredictor initialized
2026-04-30 11:20:33 - CropRecommendation.predict - INFO - [predict.py:171] - Input is partial (14 missing features)
2026-04-30 11:20:33 - CropRecommendation.predict - INFO - [predict.py:106] - Making prediction from partial data: ['Temperature', 'Rainfall', 'pH']
2026-04-30 11:20:33 - CropRecommendation.recommender - INFO - [recommender.py:195] - Recommending crops for input: ['Temperature', 'Rainfall', 'pH']
2026-04-30 11:20:33 - CropRecommendation.recommender - INFO - [recommender.py:108] - Finding similar samples for input: {'Temperature': 23.0, 'Rainfall': 600.0, 'pH': 7.0}
2026-04-30 11:20:33 - CropRecommendation.preprocessing - INFO - [preprocessing.py:211] - Encoded and scaled feature matrix shape: (1, 17)
2026-04-30 11:20:33 - CropRecommendation.recommender - INFO - [recommender.py:145] - Found 0 similar high-yield samples
2026-04-30 11:20:33 - CropRecommendation.recommender - INFO - [recommender.py:108] - Finding similar samples for input: {'Temperature': 23.0, 'Rainfall': 600.0, 'pH': 7.0}
2026-04-30 11:20:33 - CropRecommendation.preprocessing - INFO - [preprocessing.py:211] - Encoded and scaled feature matrix shape: (1, 17)
2026-04-30 11:20:33 - CropRecommendation.recommender - INFO - [recommender.py:145] - Found 10 similar high-yield samples
2026-04-30 11:20:33 - CropRecommendation.recommender - INFO - [recommender.py:233] - Top 3 recommendations: ['Cabbage']
2026-04-30 11:20:33 - CropRecommendation.recommender - INFO - [recommender.py:160] - Estimating optimal values for missing features...
2026-04-30 11:20:33 - CropRecommendation.recommender - INFO - [recommender.py:108] - Finding similar samples for input: {'Temperature': 23.0, 'Rainfall': 600.0, 'pH': 7.0}
2026-04-30 11:20:33 - CropRecommendation.preprocessing - INFO - [preprocessing.py:211] - Encoded and scaled feature matrix shape: (1, 17)
2026-04-30 11:20:33 - CropRecommendation.recommender - INFO - [recommender.py:145] - Found 0 similar high-yield samples
2026-04-30 11:20:33 - CropRecommendation.recommender - WARNING - [recommender.py:165] - No high-yield similar samples found, using general median values
2026-04-30 11:20:33 - CropRecommendation.recommender - INFO - [recommender.py:108] - Finding similar samples for input: {'Temperature': 23.0, 'Rainfall': 600.0, 'pH': 7.0}
2026-04-30 11:20:33 - CropRecommendation.preprocessing - INFO - [preprocessing.py:211] - Encoded and scaled feature matrix shape: (1, 17)
2026-04-30 11:20:33 - CropRecommendation.recommender - INFO - [recommender.py:145] - Found 10 similar high-yield samples
2026-04-30 11:20:33 - CropRecommendation.recommender - INFO - [recommender.py:178] - Estimated values for 14 missing features
2026-04-30 11:20:33 - CropRecommendation.recommender - INFO - [recommender.py:249] - Predicting yield for crop 'Cabbage'
2026-04-30 11:20:33 - CropRecommendation.recommender - INFO - [recommender.py:108] - Finding similar samples for input: {'Temperature': 23.0, 'Rainfall': 600.0, 'pH': 7.0}
2026-04-30 11:20:33 - CropRecommendation.preprocessing - INFO - [preprocessing.py:211] - Encoded and scaled feature matrix shape: (1, 17)
2026-04-30 11:20:33 - CropRecommendation.recommender - INFO - [recommender.py:145] - Found 3 similar high-yield samples
2026-04-30 11:20:33 - CropRecommendation.recommender - WARNING - [recommender.py:256] - No similar samples found for crop 'Cabbage', using training data median
2026-04-30 11:20:33 - CropRecommendation.recommender - INFO - [recommender.py:279] - Getting optimization recommendations for crop 'Cabbage'
2026-04-30 11:20:33 - CropRecommendation.recommender - INFO - [recommender.py:308] - Generated optimization recommendations for 17 features
2026-04-30 11:20:33 - CropRecommendation.predict - INFO - [predict.py:150] - Partial prediction complete. Top crop: Cabbage, Yield: 21.23
2026-04-30 11:20:33 - CropRecommendation.predict - INFO - [predict.py:151] - Estimated 14 missing features
2026-04-30 11:20:35 - CropRecommendation.predict - INFO - [predict.py:171] - Input is partial (14 missing features)
2026-04-30 11:20:35 - CropRecommendation.predict - INFO - [predict.py:106] - Making prediction from partial data: ['Temperature', 'Rainfall', 'pH']
2026-04-30 11:20:35 - CropRecommendation.recommender - INFO - [recommender.py:195] - Recommending crops for input: ['Temperature', 'Rainfall', 'pH']
2026-04-30 11:20:35 - CropRecommendation.recommender - INFO - [recommender.py:108] - Finding similar samples for input: {'Temperature': 23.0, 'Rainfall': 600.0, 'pH': 7.0}
2026-04-30 11:20:35 - CropRecommendation.preprocessing - INFO - [preprocessing.py:211] - Encoded and scaled feature matrix shape: (1, 17)
2026-04-30 11:20:35 - CropRecommendation.recommender - INFO - [recommender.py:145] - Found 0 similar high-yield samples
2026-04-30 11:20:35 - CropRecommendation.recommender - INFO - [recommender.py:108] - Finding similar samples for input: {'Temperature': 23.0, 'Rainfall': 600.0, 'pH': 7.0}
2026-04-30 11:20:35 - CropRecommendation.preprocessing - INFO - [preprocessing.py:211] - Encoded and scaled feature matrix shape: (1, 17)
2026-04-30 11:20:35 - CropRecommendation.recommender - INFO - [recommender.py:145] - Found 10 similar high-yield samples
2026-04-30 11:20:35 - CropRecommendation.recommender - INFO - [recommender.py:233] - Top 3 recommendations: ['Cabbage']
2026-04-30 11:20:35 - CropRecommendation.recommender - INFO - [recommender.py:160] - Estimating optimal values for missing features...
2026-04-30 11:20:35 - CropRecommendation.recommender - INFO - [recommender.py:108] - Finding similar samples for input: {'Temperature': 23.0, 'Rainfall': 600.0, 'pH': 7.0}
2026-04-30 11:20:35 - CropRecommendation.preprocessing - INFO - [preprocessing.py:211] - Encoded and scaled feature matrix shape: (1, 17)
2026-04-30 11:20:35 - CropRecommendation.recommender - INFO - [recommender.py:145] - Found 0 similar high-yield samples
2026-04-30 11:20:35 - CropRecommendation.recommender - WARNING - [recommender.py:165] - No high-yield similar samples found, using general median values
2026-04-30 11:20:35 - CropRecommendation.recommender - INFO - [recommender.py:108] - Finding similar samples for input: {'Temperature': 23.0, 'Rainfall': 600.0, 'pH': 7.0}
2026-04-30 11:20:35 - CropRecommendation.preprocessing - INFO - [preprocessing.py:211] - Encoded and scaled feature matrix shape: (1, 17)
2026-04-30 11:20:35 - CropRecommendation.recommender - INFO - [recommender.py:145] - Found 10 similar high-yield samples
2026-04-30 11:20:35 - CropRecommendation.recommender - INFO - [recommender.py:178] - Estimated values for 14 missing features
2026-04-30 11:20:35 - CropRecommendation.recommender - INFO - [recommender.py:249] - Predicting yield for crop 'Cabbage'
2026-04-30 11:20:35 - CropRecommendation.recommender - INFO - [recommender.py:108] - Finding similar samples for input: {'Temperature': 23.0, 'Rainfall': 600.0, 'pH': 7.0}
2026-04-30 11:20:35 - CropRecommendation.preprocessing - INFO - [preprocessing.py:211] - Encoded and scaled feature matrix shape: (1, 17)
2026-04-30 11:20:35 - CropRecommendation.recommender - INFO - [recommender.py:145] - Found 3 similar high-yield samples
2026-04-30 11:20:35 - CropRecommendation.recommender - WARNING - [recommender.py:256] - No similar samples found for crop 'Cabbage', using training data median
2026-04-30 11:20:35 - CropRecommendation.recommender - INFO - [recommender.py:279] - Getting optimization recommendations for crop 'Cabbage'
2026-04-30 11:20:35 - CropRecommendation.recommender - INFO - [recommender.py:308] - Generated optimization recommendations for 17 features
2026-04-30 11:20:35 - CropRecommendation.predict - INFO - [predict.py:150] - Partial prediction complete. Top crop: Cabbage, Yield: 21.23
2026-04-30 11:20:35 - CropRecommendation.predict - INFO - [predict.py:151] - Estimated 14 missing features
2026-04-30 11:20:37 - CropRecommendation.predict - INFO - [predict.py:171] - Input is partial (14 missing features)
2026-04-30 11:20:37 - CropRecommendation.predict - INFO - [predict.py:106] - Making prediction from partial data: ['Temperature', 'Rainfall', 'pH']
2026-04-30 11:20:37 - CropRecommendation.recommender - INFO - [recommender.py:195] - Recommending crops for input: ['Temperature', 'Rainfall', 'pH']
2026-04-30 11:20:37 - CropRecommendation.recommender - INFO - [recommender.py:108] - Finding similar samples for input: {'Temperature': 23.0, 'Rainfall': 600.0, 'pH': 7.0}
2026-04-30 11:20:37 - CropRecommendation.preprocessing - INFO - [preprocessing.py:211] - Encoded and scaled feature matrix shape: (1, 17)
2026-04-30 11:20:37 - CropRecommendation.recommender - INFO - [recommender.py:145] - Found 0 similar high-yield samples
2026-04-30 11:20:37 - CropRecommendation.recommender - INFO - [recommender.py:108] - Finding similar samples for input: {'Temperature': 23.0, 'Rainfall': 600.0, 'pH': 7.0}
2026-04-30 11:20:37 - CropRecommendation.preprocessing - INFO - [preprocessing.py:211] - Encoded and scaled feature matrix shape: (1, 17)
2026-04-30 11:20:37 - CropRecommendation.recommender - INFO - [recommender.py:145] - Found 10 similar high-yield samples
2026-04-30 11:20:37 - CropRecommendation.recommender - INFO - [recommender.py:233] - Top 3 recommendations: ['Cabbage']
2026-04-30 11:20:37 - CropRecommendation.recommender - INFO - [recommender.py:160] - Estimating optimal values for missing features...
2026-04-30 11:20:37 - CropRecommendation.recommender - INFO - [recommender.py:108] - Finding similar samples for input: {'Temperature': 23.0, 'Rainfall': 600.0, 'pH': 7.0}
2026-04-30 11:20:37 - CropRecommendation.preprocessing - INFO - [preprocessing.py:211] - Encoded and scaled feature matrix shape: (1, 17)
2026-04-30 11:20:37 - CropRecommendation.recommender - INFO - [recommender.py:145] - Found 0 similar high-yield samples
2026-04-30 11:20:37 - CropRecommendation.recommender - WARNING - [recommender.py:165] - No high-yield similar samples found, using general median values
2026-04-30 11:20:37 - CropRecommendation.recommender - INFO - [recommender.py:108] - Finding similar samples for input: {'Temperature': 23.0, 'Rainfall': 600.0, 'pH': 7.0}
2026-04-30 11:20:37 - CropRecommendation.preprocessing - INFO - [preprocessing.py:211] - Encoded and scaled feature matrix shape: (1, 17)
2026-04-30 11:20:37 - CropRecommendation.recommender - INFO - [recommender.py:145] - Found 10 similar high-yield samples
2026-04-30 11:20:37 - CropRecommendation.recommender - INFO - [recommender.py:178] - Estimated values for 14 missing features
2026-04-30 11:20:37 - CropRecommendation.recommender - INFO - [recommender.py:249] - Predicting yield for crop 'Cabbage'
2026-04-30 11:20:37 - CropRecommendation.recommender - INFO - [recommender.py:108] - Finding similar samples for input: {'Temperature': 23.0, 'Rainfall': 600.0, 'pH': 7.0}
2026-04-30 11:20:37 - CropRecommendation.preprocessing - INFO - [preprocessing.py:211] - Encoded and scaled feature matrix shape: (1, 17)
2026-04-30 11:20:37 - CropRecommendation.recommender - INFO - [recommender.py:145] - Found 3 similar high-yield samples
2026-04-30 11:20:37 - CropRecommendation.recommender - WARNING - [recommender.py:256] - No similar samples found for crop 'Cabbage', using training data median
2026-04-30 11:20:37 - CropRecommendation.recommender - INFO - [recommender.py:279] - Getting optimization recommendations for crop 'Cabbage'
2026-04-30 11:20:37 - CropRecommendation.recommender - INFO - [recommender.py:308] - Generated optimization recommendations for 17 features
2026-04-30 11:20:37 - CropRecommendation.predict - INFO - [predict.py:150] - Partial prediction complete. Top crop: Cabbage, Yield: 21.23
2026-04-30 11:20:37 - CropRecommendation.predict - INFO - [predict.py:151] - Estimated 14 missing features
2026-04-30 11:20:38 - CropRecommendation.predict - INFO - [predict.py:171] - Input is partial (14 missing features)
2026-04-30 11:20:38 - CropRecommendation.predict - INFO - [predict.py:106] - Making prediction from partial data: ['Temperature', 'Rainfall', 'pH']
2026-04-30 11:20:38 - CropRecommendation.recommender - INFO - [recommender.py:195] - Recommending crops for input: ['Temperature', 'Rainfall', 'pH']
2026-04-30 11:20:38 - CropRecommendation.recommender - INFO - [recommender.py:108] - Finding similar samples for input: {'Temperature': 23.0, 'Rainfall': 600.0, 'pH': 7.0}
2026-04-30 11:20:38 - CropRecommendation.preprocessing - INFO - [preprocessing.py:211] - Encoded and scaled feature matrix shape: (1, 17)
2026-04-30 11:20:38 - CropRecommendation.recommender - INFO - [recommender.py:145] - Found 0 similar high-yield samples
2026-04-30 11:20:38 - CropRecommendation.recommender - INFO - [recommender.py:108] - Finding similar samples for input: {'Temperature': 23.0, 'Rainfall': 600.0, 'pH': 7.0}
2026-04-30 11:20:38 - CropRecommendation.preprocessing - INFO - [preprocessing.py:211] - Encoded and scaled feature matrix shape: (1, 17)
2026-04-30 11:20:38 - CropRecommendation.recommender - INFO - [recommender.py:145] - Found 10 similar high-yield samples
2026-04-30 11:20:38 - CropRecommendation.recommender - INFO - [recommender.py:233] - Top 3 recommendations: ['Cabbage']
2026-04-30 11:20:38 - CropRecommendation.recommender - INFO - [recommender.py:160] - Estimating optimal values for missing features...
2026-04-30 11:20:38 - CropRecommendation.recommender - INFO - [recommender.py:108] - Finding similar samples for input: {'Temperature': 23.0, 'Rainfall': 600.0, 'pH': 7.0}
2026-04-30 11:20:38 - CropRecommendation.preprocessing - INFO - [preprocessing.py:211] - Encoded and scaled feature matrix shape: (1, 17)
2026-04-30 11:20:38 - CropRecommendation.recommender - INFO - [recommender.py:145] - Found 0 similar high-yield samples
2026-04-30 11:20:38 - CropRecommendation.recommender - WARNING - [recommender.py:165] - No high-yield similar samples found, using general median values
2026-04-30 11:20:38 - CropRecommendation.recommender - INFO - [recommender.py:108] - Finding similar samples for input: {'Temperature': 23.0, 'Rainfall': 600.0, 'pH': 7.0}
2026-04-30 11:20:38 - CropRecommendation.preprocessing - INFO - [preprocessing.py:211] - Encoded and scaled feature matrix shape: (1, 17)
2026-04-30 11:20:38 - CropRecommendation.recommender - INFO - [recommender.py:145] - Found 10 similar high-yield samples
2026-04-30 11:20:38 - CropRecommendation.recommender - INFO - [recommender.py:178] - Estimated values for 14 missing features
2026-04-30 11:20:38 - CropRecommendation.recommender - INFO - [recommender.py:249] - Predicting yield for crop 'Cabbage'
2026-04-30 11:20:38 - CropRecommendation.recommender - INFO - [recommender.py:108] - Finding similar samples for input: {'Temperature': 23.0, 'Rainfall': 600.0, 'pH': 7.0}
2026-04-30 11:20:38 - CropRecommendation.preprocessing - INFO - [preprocessing.py:211] - Encoded and scaled feature matrix shape: (1, 17)
2026-04-30 11:20:38 - CropRecommendation.recommender - INFO - [recommender.py:145] - Found 3 similar high-yield samples
2026-04-30 11:20:38 - CropRecommendation.recommender - WARNING - [recommender.py:256] - No similar samples found for crop 'Cabbage', using training data median
2026-04-30 11:20:38 - CropRecommendation.recommender - INFO - [recommender.py:279] - Getting optimization recommendations for crop 'Cabbage'
2026-04-30 11:20:38 - CropRecommendation.recommender - INFO - [recommender.py:308] - Generated optimization recommendations for 17 features
2026-04-30 11:20:38 - CropRecommendation.predict - INFO - [predict.py:150] - Partial prediction complete. Top crop: Cabbage, Yield: 21.23
2026-04-30 11:20:38 - CropRecommendation.predict - INFO - [predict.py:151] - Estimated 14 missing features
2026-04-30 11:20:43 - CropRecommendation.predict - INFO - [predict.py:171] - Input is partial (14 missing features)
2026-04-30 11:20:43 - CropRecommendation.predict - INFO - [predict.py:106] - Making prediction from partial data: ['Temperature', 'Rainfall', 'pH']
2026-04-30 11:20:43 - CropRecommendation.recommender - INFO - [recommender.py:195] - Recommending crops for input: ['Temperature', 'Rainfall', 'pH']
2026-04-30 11:20:43 - CropRecommendation.recommender - INFO - [recommender.py:108] - Finding similar samples for input: {'Temperature': 23.0, 'Rainfall': 6500.0, 'pH': 7.0}
2026-04-30 11:20:43 - CropRecommendation.preprocessing - INFO - [preprocessing.py:211] - Encoded and scaled feature matrix shape: (1, 17)
2026-04-30 11:20:43 - CropRecommendation.recommender - INFO - [recommender.py:145] - Found 0 similar high-yield samples
2026-04-30 11:20:43 - CropRecommendation.recommender - INFO - [recommender.py:108] - Finding similar samples for input: {'Temperature': 23.0, 'Rainfall': 6500.0, 'pH': 7.0}
2026-04-30 11:20:43 - CropRecommendation.preprocessing - INFO - [preprocessing.py:211] - Encoded and scaled feature matrix shape: (1, 17)
2026-04-30 11:20:43 - CropRecommendation.recommender - INFO - [recommender.py:145] - Found 10 similar high-yield samples
2026-04-30 11:20:43 - CropRecommendation.recommender - INFO - [recommender.py:233] - Top 3 recommendations: ['Radicchio']
2026-04-30 11:20:43 - CropRecommendation.recommender - INFO - [recommender.py:160] - Estimating optimal values for missing features...
2026-04-30 11:20:43 - CropRecommendation.recommender - INFO - [recommender.py:108] - Finding similar samples for input: {'Temperature': 23.0, 'Rainfall': 6500.0, 'pH': 7.0}
2026-04-30 11:20:43 - CropRecommendation.preprocessing - INFO - [preprocessing.py:211] - Encoded and scaled feature matrix shape: (1, 17)
2026-04-30 11:20:43 - CropRecommendation.recommender - INFO - [recommender.py:145] - Found 0 similar high-yield samples
2026-04-30 11:20:43 - CropRecommendation.recommender - WARNING - [recommender.py:165] - No high-yield similar samples found, using general median values
2026-04-30 11:20:43 - CropRecommendation.recommender - INFO - [recommender.py:108] - Finding similar samples for input: {'Temperature': 23.0, 'Rainfall': 6500.0, 'pH': 7.0}
2026-04-30 11:20:43 - CropRecommendation.preprocessing - INFO - [preprocessing.py:211] - Encoded and scaled feature matrix shape: (1, 17)
2026-04-30 11:20:43 - CropRecommendation.recommender - INFO - [recommender.py:145] - Found 10 similar high-yield samples
2026-04-30 11:20:43 - CropRecommendation.recommender - INFO - [recommender.py:178] - Estimated values for 14 missing features
2026-04-30 11:20:43 - CropRecommendation.recommender - INFO - [recommender.py:249] - Predicting yield for crop 'Radicchio'
2026-04-30 11:20:43 - CropRecommendation.recommender - INFO - [recommender.py:108] - Finding similar samples for input: {'Temperature': 23.0, 'Rainfall': 6500.0, 'pH': 7.0}
2026-04-30 11:20:43 - CropRecommendation.preprocessing - INFO - [preprocessing.py:211] - Encoded and scaled feature matrix shape: (1, 17)
2026-04-30 11:20:43 - CropRecommendation.recommender - INFO - [recommender.py:145] - Found 0 similar high-yield samples
2026-04-30 11:20:43 - CropRecommendation.recommender - WARNING - [recommender.py:256] - No similar samples found for crop 'Radicchio', using training data median
2026-04-30 11:20:43 - CropRecommendation.recommender - INFO - [recommender.py:279] - Getting optimization recommendations for crop 'Radicchio'
2026-04-30 11:20:43 - CropRecommendation.recommender - INFO - [recommender.py:308] - Generated optimization recommendations for 17 features
2026-04-30 11:20:43 - CropRecommendation.predict - INFO - [predict.py:150] - Partial prediction complete. Top crop: Radicchio, Yield: 21.23
2026-04-30 11:20:43 - CropRecommendation.predict - INFO - [predict.py:151] - Estimated 14 missing features
2026-04-30 11:20:45 - CropRecommendation.predict - INFO - [predict.py:171] - Input is partial (14 missing features)
2026-04-30 11:20:45 - CropRecommendation.predict - INFO - [predict.py:106] - Making prediction from partial data: ['Temperature', 'Rainfall', 'pH']
2026-04-30 11:20:45 - CropRecommendation.recommender - INFO - [recommender.py:195] - Recommending crops for input: ['Temperature', 'Rainfall', 'pH']
2026-04-30 11:20:45 - CropRecommendation.recommender - INFO - [recommender.py:108] - Finding similar samples for input: {'Temperature': 23.0, 'Rainfall': 6500.0, 'pH': 7.0}
2026-04-30 11:20:45 - CropRecommendation.preprocessing - INFO - [preprocessing.py:211] - Encoded and scaled feature matrix shape: (1, 17)
2026-04-30 11:20:45 - CropRecommendation.recommender - INFO - [recommender.py:145] - Found 0 similar high-yield samples
2026-04-30 11:20:45 - CropRecommendation.recommender - INFO - [recommender.py:108] - Finding similar samples for input: {'Temperature': 23.0, 'Rainfall': 6500.0, 'pH': 7.0}
2026-04-30 11:20:45 - CropRecommendation.preprocessing - INFO - [preprocessing.py:211] - Encoded and scaled feature matrix shape: (1, 17)
2026-04-30 11:20:45 - CropRecommendation.recommender - INFO - [recommender.py:145] - Found 10 similar high-yield samples
2026-04-30 11:20:45 - CropRecommendation.recommender - INFO - [recommender.py:233] - Top 3 recommendations: ['Radicchio']
2026-04-30 11:20:45 - CropRecommendation.recommender - INFO - [recommender.py:160] - Estimating optimal values for missing features...
2026-04-30 11:20:45 - CropRecommendation.recommender - INFO - [recommender.py:108] - Finding similar samples for input: {'Temperature': 23.0, 'Rainfall': 6500.0, 'pH': 7.0}
2026-04-30 11:20:45 - CropRecommendation.preprocessing - INFO - [preprocessing.py:211] - Encoded and scaled feature matrix shape: (1, 17)
2026-04-30 11:20:46 - CropRecommendation.recommender - INFO - [recommender.py:145] - Found 0 similar high-yield samples
2026-04-30 11:20:46 - CropRecommendation.recommender - WARNING - [recommender.py:165] - No high-yield similar samples found, using general median values
2026-04-30 11:20:46 - CropRecommendation.recommender - INFO - [recommender.py:108] - Finding similar samples for input: {'Temperature': 23.0, 'Rainfall': 6500.0, 'pH': 7.0}
2026-04-30 11:20:46 - CropRecommendation.preprocessing - INFO - [preprocessing.py:211] - Encoded and scaled feature matrix shape: (1, 17)
2026-04-30 11:20:46 - CropRecommendation.recommender - INFO - [recommender.py:145] - Found 10 similar high-yield samples
2026-04-30 11:20:46 - CropRecommendation.recommender - INFO - [recommender.py:178] - Estimated values for 14 missing features
2026-04-30 11:20:46 - CropRecommendation.recommender - INFO - [recommender.py:249] - Predicting yield for crop 'Radicchio'
2026-04-30 11:20:46 - CropRecommendation.recommender - INFO - [recommender.py:108] - Finding similar samples for input: {'Temperature': 23.0, 'Rainfall': 6500.0, 'pH': 7.0}
2026-04-30 11:20:46 - CropRecommendation.preprocessing - INFO - [preprocessing.py:211] - Encoded and scaled feature matrix shape: (1, 17)
2026-04-30 11:20:46 - CropRecommendation.recommender - INFO - [recommender.py:145] - Found 0 similar high-yield samples
2026-04-30 11:20:46 - CropRecommendation.recommender - WARNING - [recommender.py:256] - No similar samples found for crop 'Radicchio', using training data median
2026-04-30 11:20:46 - CropRecommendation.recommender - INFO - [recommender.py:279] - Getting optimization recommendations for crop 'Radicchio'
2026-04-30 11:20:46 - CropRecommendation.recommender - INFO - [recommender.py:308] - Generated optimization recommendations for 17 features
2026-04-30 11:20:46 - CropRecommendation.predict - INFO - [predict.py:150] - Partial prediction complete. Top crop: Radicchio, Yield: 21.23
2026-04-30 11:20:46 - CropRecommendation.predict - INFO - [predict.py:151] - Estimated 14 missing features
2026-04-30 11:20:46 - CropRecommendation.predict - INFO - [predict.py:171] - Input is partial (14 missing features)
2026-04-30 11:20:46 - CropRecommendation.predict - INFO - [predict.py:106] - Making prediction from partial data: ['Temperature', 'Rainfall', 'pH']
2026-04-30 11:20:46 - CropRecommendation.recommender - INFO - [recommender.py:195] - Recommending crops for input: ['Temperature', 'Rainfall', 'pH']
2026-04-30 11:20:46 - CropRecommendation.recommender - INFO - [recommender.py:108] - Finding similar samples for input: {'Temperature': 23.0, 'Rainfall': 6500.0, 'pH': 7.0}
2026-04-30 11:20:46 - CropRecommendation.preprocessing - INFO - [preprocessing.py:211] - Encoded and scaled feature matrix shape: (1, 17)
2026-04-30 11:20:46 - CropRecommendation.recommender - INFO - [recommender.py:145] - Found 0 similar high-yield samples
2026-04-30 11:20:46 - CropRecommendation.recommender - INFO - [recommender.py:108] - Finding similar samples for input: {'Temperature': 23.0, 'Rainfall': 6500.0, 'pH': 7.0}
2026-04-30 11:20:46 - CropRecommendation.preprocessing - INFO - [preprocessing.py:211] - Encoded and scaled feature matrix shape: (1, 17)
2026-04-30 11:20:46 - CropRecommendation.recommender - INFO - [recommender.py:145] - Found 10 similar high-yield samples
2026-04-30 11:20:46 - CropRecommendation.recommender - INFO - [recommender.py:233] - Top 3 recommendations: ['Radicchio']
2026-04-30 11:20:46 - CropRecommendation.recommender - INFO - [recommender.py:160] - Estimating optimal values for missing features...
2026-04-30 11:20:46 - CropRecommendation.recommender - INFO - [recommender.py:108] - Finding similar samples for input: {'Temperature': 23.0, 'Rainfall': 6500.0, 'pH': 7.0}
2026-04-30 11:20:46 - CropRecommendation.preprocessing - INFO - [preprocessing.py:211] - Encoded and scaled feature matrix shape: (1, 17)
2026-04-30 11:20:46 - CropRecommendation.recommender - INFO - [recommender.py:145] - Found 0 similar high-yield samples
2026-04-30 11:20:46 - CropRecommendation.recommender - WARNING - [recommender.py:165] - No high-yield similar samples found, using general median values
2026-04-30 11:20:46 - CropRecommendation.recommender - INFO - [recommender.py:108] - Finding similar samples for input: {'Temperature': 23.0, 'Rainfall': 6500.0, 'pH': 7.0}
2026-04-30 11:20:46 - CropRecommendation.preprocessing - INFO - [preprocessing.py:211] - Encoded and scaled feature matrix shape: (1, 17)
2026-04-30 11:20:46 - CropRecommendation.recommender - INFO - [recommender.py:145] - Found 10 similar high-yield samples
2026-04-30 11:20:46 - CropRecommendation.recommender - INFO - [recommender.py:178] - Estimated values for 14 missing features
2026-04-30 11:20:46 - CropRecommendation.recommender - INFO - [recommender.py:249] - Predicting yield for crop 'Radicchio'
2026-04-30 11:20:46 - CropRecommendation.recommender - INFO - [recommender.py:108] - Finding similar samples for input: {'Temperature': 23.0, 'Rainfall': 6500.0, 'pH': 7.0}
2026-04-30 11:20:46 - CropRecommendation.preprocessing - INFO - [preprocessing.py:211] - Encoded and scaled feature matrix shape: (1, 17)
2026-04-30 11:20:46 - CropRecommendation.recommender - INFO - [recommender.py:145] - Found 0 similar high-yield samples
2026-04-30 11:20:46 - CropRecommendation.recommender - WARNING - [recommender.py:256] - No similar samples found for crop 'Radicchio', using training data median
2026-04-30 11:20:46 - CropRecommendation.recommender - INFO - [recommender.py:279] - Getting optimization recommendations for crop 'Radicchio'
2026-04-30 11:20:46 - CropRecommendation.recommender - INFO - [recommender.py:308] - Generated optimization recommendations for 17 features
2026-04-30 11:20:46 - CropRecommendation.predict - INFO - [predict.py:150] - Partial prediction complete. Top crop: Radicchio, Yield: 21.23
2026-04-30 11:20:46 - CropRecommendation.predict - INFO - [predict.py:151] - Estimated 14 missing features
2026-04-30 11:20:49 - CropRecommendation.predict - INFO - [predict.py:171] - Input is partial (14 missing features)
2026-04-30 11:20:49 - CropRecommendation.predict - INFO - [predict.py:106] - Making prediction from partial data: ['Temperature', 'Rainfall', 'pH']
2026-04-30 11:20:49 - CropRecommendation.recommender - INFO - [recommender.py:195] - Recommending crops for input: ['Temperature', 'Rainfall', 'pH']
2026-04-30 11:20:49 - CropRecommendation.recommender - INFO - [recommender.py:108] - Finding similar samples for input: {'Temperature': 23.0, 'Rainfall': 6500.0, 'pH': 9.0}
2026-04-30 11:20:49 - CropRecommendation.preprocessing - INFO - [preprocessing.py:211] - Encoded and scaled feature matrix shape: (1, 17)
2026-04-30 11:20:49 - CropRecommendation.recommender - INFO - [recommender.py:145] - Found 0 similar high-yield samples
2026-04-30 11:20:49 - CropRecommendation.recommender - INFO - [recommender.py:108] - Finding similar samples for input: {'Temperature': 23.0, 'Rainfall': 6500.0, 'pH': 9.0}
2026-04-30 11:20:49 - CropRecommendation.preprocessing - INFO - [preprocessing.py:211] - Encoded and scaled feature matrix shape: (1, 17)
2026-04-30 11:20:49 - CropRecommendation.recommender - INFO - [recommender.py:145] - Found 10 similar high-yield samples
2026-04-30 11:20:49 - CropRecommendation.recommender - INFO - [recommender.py:233] - Top 3 recommendations: ['Radicchio']
2026-04-30 11:20:49 - CropRecommendation.recommender - INFO - [recommender.py:160] - Estimating optimal values for missing features...
2026-04-30 11:20:49 - CropRecommendation.recommender - INFO - [recommender.py:108] - Finding similar samples for input: {'Temperature': 23.0, 'Rainfall': 6500.0, 'pH': 9.0}
2026-04-30 11:20:49 - CropRecommendation.preprocessing - INFO - [preprocessing.py:211] - Encoded and scaled feature matrix shape: (1, 17)
2026-04-30 11:20:49 - CropRecommendation.recommender - INFO - [recommender.py:145] - Found 0 similar high-yield samples
2026-04-30 11:20:49 - CropRecommendation.recommender - WARNING - [recommender.py:165] - No high-yield similar samples found, using general median values
2026-04-30 11:20:49 - CropRecommendation.recommender - INFO - [recommender.py:108] - Finding similar samples for input: {'Temperature': 23.0, 'Rainfall': 6500.0, 'pH': 9.0}
2026-04-30 11:20:49 - CropRecommendation.preprocessing - INFO - [preprocessing.py:211] - Encoded and scaled feature matrix shape: (1, 17)
2026-04-30 11:20:49 - CropRecommendation.recommender - INFO - [recommender.py:145] - Found 10 similar high-yield samples
2026-04-30 11:20:49 - CropRecommendation.recommender - INFO - [recommender.py:178] - Estimated values for 14 missing features
2026-04-30 11:20:49 - CropRecommendation.recommender - INFO - [recommender.py:249] - Predicting yield for crop 'Radicchio'
2026-04-30 11:20:49 - CropRecommendation.recommender - INFO - [recommender.py:108] - Finding similar samples for input: {'Temperature': 23.0, 'Rainfall': 6500.0, 'pH': 9.0}
2026-04-30 11:20:49 - CropRecommendation.preprocessing - INFO - [preprocessing.py:211] - Encoded and scaled feature matrix shape: (1, 17)
2026-04-30 11:20:49 - CropRecommendation.recommender - INFO - [recommender.py:145] - Found 0 similar high-yield samples
2026-04-30 11:20:49 - CropRecommendation.recommender - WARNING - [recommender.py:256] - No similar samples found for crop 'Radicchio', using training data median
2026-04-30 11:20:49 - CropRecommendation.recommender - INFO - [recommender.py:279] - Getting optimization recommendations for crop 'Radicchio'
2026-04-30 11:20:49 - CropRecommendation.recommender - INFO - [recommender.py:308] - Generated optimization recommendations for 17 features
2026-04-30 11:20:49 - CropRecommendation.predict - INFO - [predict.py:150] - Partial prediction complete. Top crop: Radicchio, Yield: 21.23
2026-04-30 11:20:49 - CropRecommendation.predict - INFO - [predict.py:151] - Estimated 14 missing features
2026-04-30 11:20:50 - CropRecommendation.predict - INFO - [predict.py:171] - Input is partial (14 missing features)
2026-04-30 11:20:50 - CropRecommendation.predict - INFO - [predict.py:106] - Making prediction from partial data: ['Temperature', 'Rainfall', 'pH']
2026-04-30 11:20:50 - CropRecommendation.recommender - INFO - [recommender.py:195] - Recommending crops for input: ['Temperature', 'Rainfall', 'pH']
2026-04-30 11:20:50 - CropRecommendation.recommender - INFO - [recommender.py:108] - Finding similar samples for input: {'Temperature': 23.0, 'Rainfall': 6500.0, 'pH': 9.0}
2026-04-30 11:20:50 - CropRecommendation.preprocessing - INFO - [preprocessing.py:211] - Encoded and scaled feature matrix shape: (1, 17)
2026-04-30 11:20:50 - CropRecommendation.recommender - INFO - [recommender.py:145] - Found 0 similar high-yield samples
2026-04-30 11:20:50 - CropRecommendation.recommender - INFO - [recommender.py:108] - Finding similar samples for input: {'Temperature': 23.0, 'Rainfall': 6500.0, 'pH': 9.0}
2026-04-30 11:20:50 - CropRecommendation.preprocessing - INFO - [preprocessing.py:211] - Encoded and scaled feature matrix shape: (1, 17)
2026-04-30 11:20:50 - CropRecommendation.recommender - INFO - [recommender.py:145] - Found 10 similar high-yield samples
2026-04-30 11:20:50 - CropRecommendation.recommender - INFO - [recommender.py:233] - Top 3 recommendations: ['Radicchio']
2026-04-30 11:20:50 - CropRecommendation.recommender - INFO - [recommender.py:160] - Estimating optimal values for missing features...
2026-04-30 11:20:50 - CropRecommendation.recommender - INFO - [recommender.py:108] - Finding similar samples for input: {'Temperature': 23.0, 'Rainfall': 6500.0, 'pH': 9.0}
2026-04-30 11:20:50 - CropRecommendation.preprocessing - INFO - [preprocessing.py:211] - Encoded and scaled feature matrix shape: (1, 17)
2026-04-30 11:20:50 - CropRecommendation.recommender - INFO - [recommender.py:145] - Found 0 similar high-yield samples
2026-04-30 11:20:50 - CropRecommendation.recommender - WARNING - [recommender.py:165] - No high-yield similar samples found, using general median values
2026-04-30 11:20:50 - CropRecommendation.recommender - INFO - [recommender.py:108] - Finding similar samples for input: {'Temperature': 23.0, 'Rainfall': 6500.0, 'pH': 9.0}
2026-04-30 11:20:50 - CropRecommendation.preprocessing - INFO - [preprocessing.py:211] - Encoded and scaled feature matrix shape: (1, 17)
2026-04-30 11:20:50 - CropRecommendation.recommender - INFO - [recommender.py:145] - Found 10 similar high-yield samples
2026-04-30 11:20:50 - CropRecommendation.recommender - INFO - [recommender.py:178] - Estimated values for 14 missing features
2026-04-30 11:20:50 - CropRecommendation.recommender - INFO - [recommender.py:249] - Predicting yield for crop 'Radicchio'
2026-04-30 11:20:50 - CropRecommendation.recommender - INFO - [recommender.py:108] - Finding similar samples for input: {'Temperature': 23.0, 'Rainfall': 6500.0, 'pH': 9.0}
2026-04-30 11:20:50 - CropRecommendation.preprocessing - INFO - [preprocessing.py:211] - Encoded and scaled feature matrix shape: (1, 17)
2026-04-30 11:20:50 - CropRecommendation.recommender - INFO - [recommender.py:145] - Found 0 similar high-yield samples
2026-04-30 11:20:50 - CropRecommendation.recommender - WARNING - [recommender.py:256] - No similar samples found for crop 'Radicchio', using training data median
2026-04-30 11:20:50 - CropRecommendation.recommender - INFO - [recommender.py:279] - Getting optimization recommendations for crop 'Radicchio'
2026-04-30 11:20:50 - CropRecommendation.recommender - INFO - [recommender.py:308] - Generated optimization recommendations for 17 features
2026-04-30 11:20:50 - CropRecommendation.predict - INFO - [predict.py:150] - Partial prediction complete. Top crop: Radicchio, Yield: 21.23
2026-04-30 11:20:50 - CropRecommendation.predict - INFO - [predict.py:151] - Estimated 14 missing features
2026-04-30 11:21:15 - CropRecommendation.predict - INFO - [predict.py:168] - Input is complete
2026-04-30 11:21:15 - CropRecommendation.predict - INFO - [predict.py:56] - Making prediction from complete data
2026-04-30 11:21:15 - CropRecommendation.preprocessing - INFO - [preprocessing.py:211] - Encoded and scaled feature matrix shape: (1, 17)
2026-04-30 11:21:15 - CropRecommendation.recommender - INFO - [recommender.py:279] - Getting optimization recommendations for crop 'Arugula'
2026-04-30 11:21:15 - CropRecommendation.recommender - INFO - [recommender.py:308] - Generated optimization recommendations for 17 features
2026-04-30 11:21:15 - CropRecommendation.predict - INFO - [predict.py:91] - Prediction complete. Top crop: Arugula, Yield: 7.60
2026-04-30 11:21:21 - CropRecommendation.predict - INFO - [predict.py:168] - Input is complete
2026-04-30 11:21:21 - CropRecommendation.predict - INFO - [predict.py:56] - Making prediction from complete data
2026-04-30 11:21:21 - CropRecommendation.preprocessing - INFO - [preprocessing.py:211] - Encoded and scaled feature matrix shape: (1, 17)
2026-04-30 11:21:21 - CropRecommendation.recommender - INFO - [recommender.py:279] - Getting optimization recommendations for crop 'Cauliflowers'
2026-04-30 11:21:21 - CropRecommendation.recommender - INFO - [recommender.py:308] - Generated optimization recommendations for 17 features
2026-04-30 11:21:21 - CropRecommendation.predict - INFO - [predict.py:91] - Prediction complete. Top crop: Cauliflowers, Yield: 23.72
2026-04-30 11:21:28 - CropRecommendation.predict - INFO - [predict.py:168] - Input is complete
2026-04-30 11:21:28 - CropRecommendation.predict - INFO - [predict.py:56] - Making prediction from complete data
2026-04-30 11:21:28 - CropRecommendation.preprocessing - INFO - [preprocessing.py:211] - Encoded and scaled feature matrix shape: (1, 17)
2026-04-30 11:21:28 - CropRecommendation.recommender - INFO - [recommender.py:279] - Getting optimization recommendations for crop 'Radicchio'
2026-04-30 11:21:28 - CropRecommendation.recommender - INFO - [recommender.py:308] - Generated optimization recommendations for 17 features
2026-04-30 11:21:28 - CropRecommendation.predict - INFO - [predict.py:91] - Prediction complete. Top crop: Radicchio, Yield: 3.46
2026-04-30 11:21:29 - CropRecommendation.predict - INFO - [predict.py:168] - Input is complete
2026-04-30 11:21:29 - CropRecommendation.predict - INFO - [predict.py:56] - Making prediction from complete data
2026-04-30 11:21:29 - CropRecommendation.preprocessing - INFO - [preprocessing.py:211] - Encoded and scaled feature matrix shape: (1, 17)
2026-04-30 11:21:29 - CropRecommendation.recommender - INFO - [recommender.py:279] - Getting optimization recommendations for crop 'Chard'
2026-04-30 11:21:29 - CropRecommendation.recommender - INFO - [recommender.py:308] - Generated optimization recommendations for 17 features
2026-04-30 11:21:29 - CropRecommendation.predict - INFO - [predict.py:91] - Prediction complete. Top crop: Chard, Yield: 28.85
2026-04-30 11:21:57 - CropRecommendation.predict - INFO - [predict.py:168] - Input is complete
2026-04-30 11:21:57 - CropRecommendation.predict - INFO - [predict.py:56] - Making prediction from complete data
2026-04-30 11:21:57 - CropRecommendation.preprocessing - INFO - [preprocessing.py:211] - Encoded and scaled feature matrix shape: (1, 17)
2026-04-30 11:21:57 - CropRecommendation.recommender - INFO - [recommender.py:279] - Getting optimization recommendations for crop 'Green Peas'
2026-04-30 11:21:57 - CropRecommendation.recommender - INFO - [recommender.py:308] - Generated optimization recommendations for 17 features
2026-04-30 11:21:57 - CropRecommendation.predict - INFO - [predict.py:91] - Prediction complete. Top crop: Green Peas, Yield: 10.99
2026-04-30 11:22:07 - CropRecommendation.predict - INFO - [predict.py:168] - Input is complete
2026-04-30 11:22:07 - CropRecommendation.predict - INFO - [predict.py:56] - Making prediction from complete data
2026-04-30 11:22:07 - CropRecommendation.preprocessing - INFO - [preprocessing.py:211] - Encoded and scaled feature matrix shape: (1, 17)
2026-04-30 11:22:07 - CropRecommendation.recommender - INFO - [recommender.py:279] - Getting optimization recommendations for crop 'Green Peas'
2026-04-30 11:22:07 - CropRecommendation.recommender - INFO - [recommender.py:308] - Generated optimization recommendations for 17 features
2026-04-30 11:22:07 - CropRecommendation.predict - INFO - [predict.py:91] - Prediction complete. Top crop: Green Peas, Yield: 10.99
2026-04-30 11:22:07 - CropRecommendation.predict - INFO - [predict.py:168] - Input is complete
2026-04-30 11:22:07 - CropRecommendation.predict - INFO - [predict.py:56] - Making prediction from complete data
2026-04-30 11:22:07 - CropRecommendation.preprocessing - INFO - [preprocessing.py:211] - Encoded and scaled feature matrix shape: (1, 17)
2026-04-30 11:22:07 - CropRecommendation.recommender - INFO - [recommender.py:279] - Getting optimization recommendations for crop 'Green Peas'
2026-04-30 11:22:07 - CropRecommendation.recommender - INFO - [recommender.py:308] - Generated optimization recommendations for 17 features
2026-04-30 11:22:07 - CropRecommendation.predict - INFO - [predict.py:91] - Prediction complete. Top crop: Green Peas, Yield: 10.99
2026-04-30 11:22:13 - CropRecommendation.predict - INFO - [predict.py:168] - Input is complete
2026-04-30 11:22:13 - CropRecommendation.predict - INFO - [predict.py:56] - Making prediction from complete data
2026-04-30 11:22:13 - CropRecommendation.preprocessing - INFO - [preprocessing.py:211] - Encoded and scaled feature matrix shape: (1, 17)
2026-04-30 11:22:13 - CropRecommendation.recommender - INFO - [recommender.py:279] - Getting optimization recommendations for crop 'Green Peas'
2026-04-30 11:22:13 - CropRecommendation.recommender - INFO - [recommender.py:308] - Generated optimization recommendations for 17 features
2026-04-30 11:22:13 - CropRecommendation.predict - INFO - [predict.py:91] - Prediction complete. Top crop: Green Peas, Yield: 10.99
2026-04-30 11:22:21 - CropRecommendation.predict - INFO - [predict.py:168] - Input is complete
2026-04-30 11:22:21 - CropRecommendation.predict - INFO - [predict.py:56] - Making prediction from complete data
2026-04-30 11:22:21 - CropRecommendation.preprocessing - INFO - [preprocessing.py:211] - Encoded and scaled feature matrix shape: (1, 17)
2026-04-30 11:22:21 - CropRecommendation.recommender - INFO - [recommender.py:279] - Getting optimization recommendations for crop 'Green Peas'
2026-04-30 11:22:21 - CropRecommendation.recommender - INFO - [recommender.py:308] - Generated optimization recommendations for 17 features
2026-04-30 11:22:21 - CropRecommendation.predict - INFO - [predict.py:91] - Prediction complete. Top crop: Green Peas, Yield: 14.61
2026-04-30 11:22:25 - CropRecommendation.predict - INFO - [predict.py:168] - Input is complete
2026-04-30 11:22:25 - CropRecommendation.predict - INFO - [predict.py:56] - Making prediction from complete data
2026-04-30 11:22:25 - CropRecommendation.preprocessing - INFO - [preprocessing.py:211] - Encoded and scaled feature matrix shape: (1, 17)
2026-04-30 11:22:25 - CropRecommendation.recommender - INFO - [recommender.py:279] - Getting optimization recommendations for crop 'Green Peas'
2026-04-30 11:22:25 - CropRecommendation.recommender - INFO - [recommender.py:308] - Generated optimization recommendations for 17 features
2026-04-30 11:22:25 - CropRecommendation.predict - INFO - [predict.py:91] - Prediction complete. Top crop: Green Peas, Yield: 14.55
2026-04-30 11:22:30 - CropRecommendation.predict - INFO - [predict.py:168] - Input is complete
2026-04-30 11:22:30 - CropRecommendation.predict - INFO - [predict.py:56] - Making prediction from complete data
2026-04-30 11:22:30 - CropRecommendation.preprocessing - INFO - [preprocessing.py:211] - Encoded and scaled feature matrix shape: (1, 17)
2026-04-30 11:22:30 - CropRecommendation.recommender - INFO - [recommender.py:279] - Getting optimization recommendations for crop 'Green Peas'
2026-04-30 11:22:30 - CropRecommendation.recommender - INFO - [recommender.py:308] - Generated optimization recommendations for 17 features
2026-04-30 11:22:30 - CropRecommendation.predict - INFO - [predict.py:91] - Prediction complete. Top crop: Green Peas, Yield: 40.84
